<?xml version="1.0" encoding="UTF-8"?>
<testsuite xmlns:xsi="http://www.w3.org/2001/XMLSchema-instance" xsi:noNamespaceSchemaLocation="https://maven.apache.org/surefire/maven-surefire-plugin/xsd/surefire-test-report.xsd" version="3.0.2" name="api.todolist.TodolistApplicationTests" time="3.451" tests="1" errors="0" skipped="0" failures="0">
  <properties>
[...]
</properties>
  <testcase name="contextLoads" classname="api.todolist.TodolistApplicationTests" time="0.357">
    <system-out><![CDATA[11:21:16.380 [main] INFO org.springframework.test.context.support.AnnotationConfigContextLoaderUtils -- Could not detect default configuration classes for test class [api.todolist.TodolistApplicationTests]: TodolistApplicationTests does not declare any static, non-private, non-final, nested classes annotated with @Configuration.
11:21:16.449 [main] INFO org.springframework.boot.test.context.SpringBootTestContextBootstrapper -- Found @SpringBootConfiguration api.todolist.TodolistApplication for test class api.todolist.TodolistApplicationTests

  .   ____          _            __ _ _
 /\\ / ___'_ __ _ _(_)_ __  __ _ \ \ \ \
( ( )\___ | '_ | '_| | '_ \/ _` | \ \ \ \
 \\/  ___)| |_)| | | | | || (_| |  ) ) ) )
  '  |____| .__|_| |_|_| |_\__, | / / / /
 =========|_|==============|___/=/_/_/_/

 :: Spring Boot ::                (v3.4.0)

2025-01-03T11:21:16.665+07:00 DEBUG 48825 --- [todolist] [kground-preinit] org.jboss.logging                        : Logging Provider: org.jboss.logging.Slf4jLoggerProvider found via system property
2025-01-03T11:21:16.669+07:00 DEBUG 48825 --- [todolist] [kground-preinit] o.h.v.i.xml.config.ValidationXmlParser   : Trying to load META-INF/validation.xml for XML based Validator configuration.
2025-01-03T11:21:16.670+07:00 DEBUG 48825 --- [todolist] [kground-preinit] o.h.v.i.xml.config.ResourceLoaderHelper  : Trying to load META-INF/validation.xml via TCCL
2025-01-03T11:21:16.670+07:00 DEBUG 48825 --- [todolist] [kground-preinit] o.h.v.i.xml.config.ResourceLoaderHelper  : Trying to load META-INF/validation.xml via Hibernate Validator's class loader
2025-01-03T11:21:16.670+07:00 DEBUG 48825 --- [todolist] [kground-preinit] o.h.v.i.xml.config.ValidationXmlParser   : No META-INF/validation.xml found. Using annotation based configuration only.
2025-01-03T11:21:16.673+07:00 DEBUG 48825 --- [todolist] [kground-preinit] o.h.v.i.e.resolver.TraversableResolvers  : Found jakarta.persistence.Persistence on classpath containing 'getPersistenceUtil'. Assuming JPA 2 environment. Trying to instantiate JPA aware TraversableResolver
2025-01-03T11:21:16.674+07:00 DEBUG 48825 --- [todolist] [kground-preinit] o.h.v.i.e.resolver.TraversableResolvers  : Instantiated JPA aware TraversableResolver of type org.hibernate.validator.internal.engine.resolver.JPATraversableResolver.
2025-01-03T11:21:16.685+07:00  INFO 48825 --- [todolist] [           main] api.todolist.TodolistApplicationTests    : Starting TodolistApplicationTests using Java 21.0.5 with PID 48825 (started by alannofrialdi in /Users/alannofrialdi/Documents/Project/Todo_List/backend)
2025-01-03T11:21:16.685+07:00 DEBUG 48825 --- [todolist] [           main] api.todolist.TodolistApplicationTests    : Running with Spring Boot v3.4.0, Spring v6.2.0
2025-01-03T11:21:16.686+07:00  INFO 48825 --- [todolist] [           main] api.todolist.TodolistApplicationTests    : No active profile set, falling back to 1 default profile: "default"
2025-01-03T11:21:16.687+07:00 DEBUG 48825 --- [todolist] [kground-preinit] .h.v.m.ResourceBundleMessageInterpolator : Loaded expression factory via original TCCL
2025-01-03T11:21:16.736+07:00 DEBUG 48825 --- [todolist] [kground-preinit] .i.e.ValidatorFactoryConfigurationHelper : HV000252: Using org.hibernate.validator.internal.engine.DefaultPropertyNodeNameProvider as property node name provider.
2025-01-03T11:21:16.739+07:00 DEBUG 48825 --- [todolist] [kground-preinit] .i.e.ValidatorFactoryConfigurationHelper : HV000234: Using org.hibernate.validator.messageinterpolation.ResourceBundleMessageInterpolator as ValidatorFactory-scoped message interpolator.
2025-01-03T11:21:16.739+07:00 DEBUG 48825 --- [todolist] [kground-preinit] .i.e.ValidatorFactoryConfigurationHelper : HV000234: Using org.hibernate.validator.internal.engine.resolver.JPATraversableResolver as ValidatorFactory-scoped traversable resolver.
2025-01-03T11:21:16.739+07:00 DEBUG 48825 --- [todolist] [kground-preinit] .i.e.ValidatorFactoryConfigurationHelper : HV000234: Using org.hibernate.validator.internal.util.ExecutableParameterNameProvider as ValidatorFactory-scoped parameter name provider.
2025-01-03T11:21:16.740+07:00 DEBUG 48825 --- [todolist] [kground-preinit] .i.e.ValidatorFactoryConfigurationHelper : HV000234: Using org.hibernate.validator.internal.engine.DefaultClockProvider as ValidatorFactory-scoped clock provider.
2025-01-03T11:21:16.740+07:00 DEBUG 48825 --- [todolist] [kground-preinit] .i.e.ValidatorFactoryConfigurationHelper : HV000234: Using org.hibernate.validator.internal.engine.scripting.DefaultScriptEvaluatorFactory as ValidatorFactory-scoped script evaluator factory.
2025-01-03T11:21:16.973+07:00  INFO 48825 --- [todolist] [           main] .s.d.r.c.RepositoryConfigurationDelegate : Multiple Spring Data modules found, entering strict repository configuration mode
2025-01-03T11:21:16.974+07:00  INFO 48825 --- [todolist] [           main] .s.d.r.c.RepositoryConfigurationDelegate : Bootstrapping Spring Data JPA repositories in DEFAULT mode.
2025-01-03T11:21:17.011+07:00  INFO 48825 --- [todolist] [           main] .s.d.r.c.RepositoryConfigurationDelegate : Finished Spring Data repository scanning in 31 ms. Found 3 JPA repository interfaces.
2025-01-03T11:21:17.123+07:00  INFO 48825 --- [todolist] [           main] .s.d.r.c.RepositoryConfigurationDelegate : Multiple Spring Data modules found, entering strict repository configuration mode
2025-01-03T11:21:17.124+07:00  INFO 48825 --- [todolist] [           main] .s.d.r.c.RepositoryConfigurationDelegate : Bootstrapping Spring Data JDBC repositories in DEFAULT mode.
2025-01-03T11:21:17.133+07:00  INFO 48825 --- [todolist] [           main] .RepositoryConfigurationExtensionSupport : Spring Data JDBC - Could not safely identify store assignment for repository candidate interface api.todolist.repository.CategoryRepository; If you want this repository to be a JDBC repository, consider annotating your entities with one of these annotations: org.springframework.data.relational.core.mapping.Table.
2025-01-03T11:21:17.134+07:00  INFO 48825 --- [todolist] [           main] .RepositoryConfigurationExtensionSupport : Spring Data JDBC - Could not safely identify store assignment for repository candidate interface api.todolist.repository.TaskRepository; If you want this repository to be a JDBC repository, consider annotating your entities with one of these annotations: org.springframework.data.relational.core.mapping.Table.
2025-01-03T11:21:17.134+07:00  INFO 48825 --- [todolist] [           main] .RepositoryConfigurationExtensionSupport : Spring Data JDBC - Could not safely identify store assignment for repository candidate interface api.todolist.repository.UsersRepository; If you want this repository to be a JDBC repository, consider annotating your entities with one of these annotations: org.springframework.data.relational.core.mapping.Table.
2025-01-03T11:21:17.134+07:00  INFO 48825 --- [todolist] [           main] .s.d.r.c.RepositoryConfigurationDelegate : Finished Spring Data repository scanning in 9 ms. Found 0 JDBC repository interfaces.
2025-01-03T11:21:17.350+07:00 DEBUG 48825 --- [todolist] [           main] com.zaxxer.hikari.HikariConfig           : Driver class com.mysql.cj.jdbc.Driver found in Thread context class loader jdk.internal.loader.ClassLoaders$AppClassLoader@2c854dc5
2025-01-03T11:21:17.408+07:00 DEBUG 48825 --- [todolist] [           main] o.hibernate.jpa.internal.util.LogHelper  : PersistenceUnitInfo [
	name: default
	persistence provider classname: null
	classloader: jdk.internal.loader.ClassLoaders$AppClassLoader@2c854dc5
	excludeUnlistedClasses: true
	JTA datasource: null
	Non JTA datasource: HikariDataSource (null)
	Transaction type: RESOURCE_LOCAL
	PU root URL: file:/Users/alannofrialdi/Documents/Project/Todo_List/backend/target/test-classes/
	Shared Cache Mode: UNSPECIFIED
	Validation Mode: AUTO
	Jar files URLs []
	Managed classes names [
		api.todolist.converter.PriorityConverter
		api.todolist.converter.StatusConverter
		api.todolist.model.Category
		api.todolist.model.Task
		api.todolist.model.Users]
	Mapping files names []
	Properties []
2025-01-03T11:21:17.415+07:00 DEBUG 48825 --- [todolist] [           main] o.h.i.internal.IntegratorServiceImpl     : Adding Integrator [org.hibernate.boot.beanvalidation.BeanValidationIntegrator].
2025-01-03T11:21:17.416+07:00 DEBUG 48825 --- [todolist] [           main] o.h.i.internal.IntegratorServiceImpl     : Adding Integrator [org.hibernate.cache.internal.CollectionCacheInvalidator].
2025-01-03T11:21:17.447+07:00  INFO 48825 --- [todolist] [           main] org.hibernate.Version                    : HHH000412: Hibernate ORM core version 6.6.2.Final
2025-01-03T11:21:17.448+07:00 DEBUG 48825 --- [todolist] [           main] org.hibernate.cfg.Environment            : HHH000206: 'hibernate.properties' not found
2025-01-03T11:21:17.462+07:00 DEBUG 48825 --- [todolist] [           main] org.hibernate.orm.idgen.factory          : Registering IdentifierGenerator strategy [uuid2] -> [org.hibernate.id.UUIDGenerator]
2025-01-03T11:21:17.462+07:00 DEBUG 48825 --- [todolist] [           main] org.hibernate.orm.idgen.factory          : Registering IdentifierGenerator strategy [guid] -> [org.hibernate.id.GUIDGenerator]
2025-01-03T11:21:17.463+07:00 DEBUG 48825 --- [todolist] [           main] org.hibernate.orm.idgen.factory          : Registering IdentifierGenerator strategy [uuid] -> [org.hibernate.id.UUIDHexGenerator]
2025-01-03T11:21:17.463+07:00 DEBUG 48825 --- [todolist] [           main] org.hibernate.orm.idgen.factory          : Registering IdentifierGenerator strategy [uuid.hex] -> [org.hibernate.id.UUIDHexGenerator]
2025-01-03T11:21:17.463+07:00 DEBUG 48825 --- [todolist] [           main] org.hibernate.orm.idgen.factory          : Registering IdentifierGenerator strategy [assigned] -> [org.hibernate.id.Assigned]
2025-01-03T11:21:17.464+07:00 DEBUG 48825 --- [todolist] [           main] org.hibernate.orm.idgen.factory          : Registering IdentifierGenerator strategy [identity] -> [org.hibernate.id.IdentityGenerator]
2025-01-03T11:21:17.464+07:00 DEBUG 48825 --- [todolist] [           main] org.hibernate.orm.idgen.factory          : Registering IdentifierGenerator strategy [select] -> [org.hibernate.id.SelectGenerator]
2025-01-03T11:21:17.465+07:00 DEBUG 48825 --- [todolist] [           main] org.hibernate.orm.idgen.factory          : Registering IdentifierGenerator strategy [sequence] -> [org.hibernate.id.enhanced.SequenceStyleGenerator]
2025-01-03T11:21:17.465+07:00 DEBUG 48825 --- [todolist] [           main] org.hibernate.orm.idgen.factory          : Registering IdentifierGenerator strategy [increment] -> [org.hibernate.id.IncrementGenerator]
2025-01-03T11:21:17.465+07:00 DEBUG 48825 --- [todolist] [           main] org.hibernate.orm.idgen.factory          : Registering IdentifierGenerator strategy [foreign] -> [org.hibernate.id.ForeignGenerator]
2025-01-03T11:21:17.465+07:00 DEBUG 48825 --- [todolist] [           main] org.hibernate.orm.idgen.factory          : Registering IdentifierGenerator strategy [enhanced-sequence] -> [org.hibernate.id.enhanced.SequenceStyleGenerator]
2025-01-03T11:21:17.466+07:00 DEBUG 48825 --- [todolist] [           main] org.hibernate.orm.idgen.factory          : Registering IdentifierGenerator strategy [enhanced-table] -> [org.hibernate.id.enhanced.TableGenerator]
2025-01-03T11:21:17.469+07:00 DEBUG 48825 --- [todolist] [           main] o.h.c.internal.RegionFactoryInitiator    : Cannot default RegionFactory based on registered strategies as `[]` RegionFactory strategies were registered
2025-01-03T11:21:17.470+07:00  INFO 48825 --- [todolist] [           main] o.h.c.internal.RegionFactoryInitiator    : HHH000026: Second-level cache disabled
2025-01-03T11:21:17.524+07:00 DEBUG 48825 --- [todolist] [           main] org.hibernate.type.BasicTypeRegistry     : Adding type registration boolean -> org.hibernate.type.BasicTypeReference@372f0a99
2025-01-03T11:21:17.524+07:00 DEBUG 48825 --- [todolist] [           main] org.hibernate.type.BasicTypeRegistry     : Adding type registration boolean -> org.hibernate.type.BasicTypeReference@372f0a99
2025-01-03T11:21:17.524+07:00 DEBUG 48825 --- [todolist] [           main] org.hibernate.type.BasicTypeRegistry     : Adding type registration java.lang.Boolean -> org.hibernate.type.BasicTypeReference@372f0a99
2025-01-03T11:21:17.524+07:00 DEBUG 48825 --- [todolist] [           main] org.hibernate.type.BasicTypeRegistry     : Adding type registration numeric_boolean -> org.hibernate.type.BasicTypeReference@16cf8438
2025-01-03T11:21:17.524+07:00 DEBUG 48825 --- [todolist] [           main] org.hibernate.type.BasicTypeRegistry     : Adding type registration org.hibernate.type.NumericBooleanConverter -> org.hibernate.type.BasicTypeReference@16cf8438
2025-01-03T11:21:17.525+07:00 DEBUG 48825 --- [todolist] [           main] org.hibernate.type.BasicTypeRegistry     : Adding type registration true_false -> org.hibernate.type.BasicTypeReference@3e5beab5
2025-01-03T11:21:17.525+07:00 DEBUG 48825 --- [todolist] [           main] org.hibernate.type.BasicTypeRegistry     : Adding type registration org.hibernate.type.TrueFalseConverter -> org.hibernate.type.BasicTypeReference@3e5beab5
2025-01-03T11:21:17.525+07:00 DEBUG 48825 --- [todolist] [           main] org.hibernate.type.BasicTypeRegistry     : Adding type registration yes_no -> org.hibernate.type.BasicTypeReference@7c588adc
2025-01-03T11:21:17.525+07:00 DEBUG 48825 --- [todolist] [           main] org.hibernate.type.BasicTypeRegistry     : Adding type registration org.hibernate.type.YesNoConverter -> org.hibernate.type.BasicTypeReference@7c588adc
2025-01-03T11:21:17.525+07:00 DEBUG 48825 --- [todolist] [           main] org.hibernate.type.BasicTypeRegistry     : Adding type registration byte -> org.hibernate.type.BasicTypeReference@33ec2c0c
2025-01-03T11:21:17.525+07:00 DEBUG 48825 --- [todolist] [           main] org.hibernate.type.BasicTypeRegistry     : Adding type registration byte -> org.hibernate.type.BasicTypeReference@33ec2c0c
2025-01-03T11:21:17.525+07:00 DEBUG 48825 --- [todolist] [           main] org.hibernate.type.BasicTypeRegistry     : Adding type registration java.lang.Byte -> org.hibernate.type.BasicTypeReference@33ec2c0c
2025-01-03T11:21:17.525+07:00 DEBUG 48825 --- [todolist] [           main] org.hibernate.type.BasicTypeRegistry     : Adding type registration binary -> org.hibernate.type.BasicTypeReference@5968800d
2025-01-03T11:21:17.525+07:00 DEBUG 48825 --- [todolist] [           main] org.hibernate.type.BasicTypeRegistry     : Adding type registration byte[] -> org.hibernate.type.BasicTypeReference@5968800d
2025-01-03T11:21:17.525+07:00 DEBUG 48825 --- [todolist] [           main] org.hibernate.type.BasicTypeRegistry     : Adding type registration [B -> org.hibernate.type.BasicTypeReference@5968800d
2025-01-03T11:21:17.526+07:00 DEBUG 48825 --- [todolist] [           main] org.hibernate.type.BasicTypeRegistry     : Adding type registration binary_wrapper -> org.hibernate.type.BasicTypeReference@3887c7d7
2025-01-03T11:21:17.526+07:00 DEBUG 48825 --- [todolist] [           main] org.hibernate.type.BasicTypeRegistry     : Adding type registration wrapper-binary -> org.hibernate.type.BasicTypeReference@3887c7d7
2025-01-03T11:21:17.526+07:00 DEBUG 48825 --- [todolist] [           main] org.hibernate.type.BasicTypeRegistry     : Adding type registration image -> org.hibernate.type.BasicTypeReference@b1b471
2025-01-03T11:21:17.526+07:00 DEBUG 48825 --- [todolist] [           main] org.hibernate.type.BasicTypeRegistry     : Adding type registration blob -> org.hibernate.type.BasicTypeReference@526f6427
2025-01-03T11:21:17.526+07:00 DEBUG 48825 --- [todolist] [           main] org.hibernate.type.BasicTypeRegistry     : Adding type registration java.sql.Blob -> org.hibernate.type.BasicTypeReference@526f6427
2025-01-03T11:21:17.526+07:00 DEBUG 48825 --- [todolist] [           main] org.hibernate.type.BasicTypeRegistry     : Adding type registration materialized_blob -> org.hibernate.type.BasicTypeReference@4f1afe8f
2025-01-03T11:21:17.526+07:00 DEBUG 48825 --- [todolist] [           main] org.hibernate.type.BasicTypeRegistry     : Adding type registration materialized_blob_wrapper -> org.hibernate.type.BasicTypeReference@492521c4
2025-01-03T11:21:17.526+07:00 DEBUG 48825 --- [todolist] [           main] org.hibernate.type.BasicTypeRegistry     : Adding type registration short -> org.hibernate.type.BasicTypeReference@443a06ad
2025-01-03T11:21:17.526+07:00 DEBUG 48825 --- [todolist] [           main] org.hibernate.type.BasicTypeRegistry     : Adding type registration short -> org.hibernate.type.BasicTypeReference@443a06ad
2025-01-03T11:21:17.526+07:00 DEBUG 48825 --- [todolist] [           main] org.hibernate.type.BasicTypeRegistry     : Adding type registration java.lang.Short -> org.hibernate.type.BasicTypeReference@443a06ad
2025-01-03T11:21:17.527+07:00 DEBUG 48825 --- [todolist] [           main] org.hibernate.type.BasicTypeRegistry     : Adding type registration integer -> org.hibernate.type.BasicTypeReference@6ddd1c51
2025-01-03T11:21:17.527+07:00 DEBUG 48825 --- [todolist] [           main] org.hibernate.type.BasicTypeRegistry     : Adding type registration int -> org.hibernate.type.BasicTypeReference@6ddd1c51
2025-01-03T11:21:17.527+07:00 DEBUG 48825 --- [todolist] [           main] org.hibernate.type.BasicTypeRegistry     : Adding type registration java.lang.Integer -> org.hibernate.type.BasicTypeReference@6ddd1c51
2025-01-03T11:21:17.527+07:00 DEBUG 48825 --- [todolist] [           main] org.hibernate.type.BasicTypeRegistry     : Adding type registration long -> org.hibernate.type.BasicTypeReference@752b69e3
2025-01-03T11:21:17.527+07:00 DEBUG 48825 --- [todolist] [           main] org.hibernate.type.BasicTypeRegistry     : Adding type registration long -> org.hibernate.type.BasicTypeReference@752b69e3
2025-01-03T11:21:17.527+07:00 DEBUG 48825 --- [todolist] [           main] org.hibernate.type.BasicTypeRegistry     : Adding type registration java.lang.Long -> org.hibernate.type.BasicTypeReference@752b69e3
2025-01-03T11:21:17.527+07:00 DEBUG 48825 --- [todolist] [           main] org.hibernate.type.BasicTypeRegistry     : Adding type registration float -> org.hibernate.type.BasicTypeReference@15605d83
2025-01-03T11:21:17.527+07:00 DEBUG 48825 --- [todolist] [           main] org.hibernate.type.BasicTypeRegistry     : Adding type registration float -> org.hibernate.type.BasicTypeReference@15605d83
2025-01-03T11:21:17.527+07:00 DEBUG 48825 --- [todolist] [           main] org.hibernate.type.BasicTypeRegistry     : Adding type registration java.lang.Float -> org.hibernate.type.BasicTypeReference@15605d83
2025-01-03T11:21:17.527+07:00 DEBUG 48825 --- [todolist] [           main] org.hibernate.type.BasicTypeRegistry     : Adding type registration double -> org.hibernate.type.BasicTypeReference@1fb2eec
2025-01-03T11:21:17.527+07:00 DEBUG 48825 --- [todolist] [           main] org.hibernate.type.BasicTypeRegistry     : Adding type registration double -> org.hibernate.type.BasicTypeReference@1fb2eec
2025-01-03T11:21:17.527+07:00 DEBUG 48825 --- [todolist] [           main] org.hibernate.type.BasicTypeRegistry     : Adding type registration java.lang.Double -> org.hibernate.type.BasicTypeReference@1fb2eec
2025-01-03T11:21:17.528+07:00 DEBUG 48825 --- [todolist] [           main] org.hibernate.type.BasicTypeRegistry     : Adding type registration big_integer -> org.hibernate.type.BasicTypeReference@4c18516
2025-01-03T11:21:17.528+07:00 DEBUG 48825 --- [todolist] [           main] org.hibernate.type.BasicTypeRegistry     : Adding type registration java.math.BigInteger -> org.hibernate.type.BasicTypeReference@4c18516
2025-01-03T11:21:17.528+07:00 DEBUG 48825 --- [todolist] [           main] org.hibernate.type.BasicTypeRegistry     : Adding type registration big_decimal -> org.hibernate.type.BasicTypeReference@2a0b901c
2025-01-03T11:21:17.528+07:00 DEBUG 48825 --- [todolist] [           main] org.hibernate.type.BasicTypeRegistry     : Adding type registration java.math.BigDecimal -> org.hibernate.type.BasicTypeReference@2a0b901c
2025-01-03T11:21:17.528+07:00 DEBUG 48825 --- [todolist] [           main] org.hibernate.type.BasicTypeRegistry     : Adding type registration character -> org.hibernate.type.BasicTypeReference@3d104c9b
2025-01-03T11:21:17.528+07:00 DEBUG 48825 --- [todolist] [           main] org.hibernate.type.BasicTypeRegistry     : Adding type registration char -> org.hibernate.type.BasicTypeReference@3d104c9b
2025-01-03T11:21:17.528+07:00 DEBUG 48825 --- [todolist] [           main] org.hibernate.type.BasicTypeRegistry     : Adding type registration java.lang.Character -> org.hibernate.type.BasicTypeReference@3d104c9b
2025-01-03T11:21:17.528+07:00 DEBUG 48825 --- [todolist] [           main] org.hibernate.type.BasicTypeRegistry     : Adding type registration character_nchar -> org.hibernate.type.BasicTypeReference@6544899b
2025-01-03T11:21:17.528+07:00 DEBUG 48825 --- [todolist] [           main] org.hibernate.type.BasicTypeRegistry     : Adding type registration string -> org.hibernate.type.BasicTypeReference@6da54910
2025-01-03T11:21:17.528+07:00 DEBUG 48825 --- [todolist] [           main] org.hibernate.type.BasicTypeRegistry     : Adding type registration java.lang.String -> org.hibernate.type.BasicTypeReference@6da54910
2025-01-03T11:21:17.528+07:00 DEBUG 48825 --- [todolist] [           main] org.hibernate.type.BasicTypeRegistry     : Adding type registration nstring -> org.hibernate.type.BasicTypeReference@1bd8afc8
2025-01-03T11:21:17.528+07:00 DEBUG 48825 --- [todolist] [           main] org.hibernate.type.BasicTypeRegistry     : Adding type registration characters -> org.hibernate.type.BasicTypeReference@24134cbc
2025-01-03T11:21:17.529+07:00 DEBUG 48825 --- [todolist] [           main] org.hibernate.type.BasicTypeRegistry     : Adding type registration char[] -> org.hibernate.type.BasicTypeReference@24134cbc
2025-01-03T11:21:17.529+07:00 DEBUG 48825 --- [todolist] [           main] org.hibernate.type.BasicTypeRegistry     : Adding type registration [C -> org.hibernate.type.BasicTypeReference@24134cbc
2025-01-03T11:21:17.529+07:00 DEBUG 48825 --- [todolist] [           main] org.hibernate.type.BasicTypeRegistry     : Adding type registration wrapper-characters -> org.hibernate.type.BasicTypeReference@65da01f4
2025-01-03T11:21:17.529+07:00 DEBUG 48825 --- [todolist] [           main] org.hibernate.type.BasicTypeRegistry     : Adding type registration text -> org.hibernate.type.BasicTypeReference@22f02996
2025-01-03T11:21:17.529+07:00 DEBUG 48825 --- [todolist] [           main] org.hibernate.type.BasicTypeRegistry     : Adding type registration ntext -> org.hibernate.type.BasicTypeReference@7c8874ef
2025-01-03T11:21:17.529+07:00 DEBUG 48825 --- [todolist] [           main] org.hibernate.type.BasicTypeRegistry     : Adding type registration clob -> org.hibernate.type.BasicTypeReference@42c0a16e
2025-01-03T11:21:17.529+07:00 DEBUG 48825 --- [todolist] [           main] org.hibernate.type.BasicTypeRegistry     : Adding type registration java.sql.Clob -> org.hibernate.type.BasicTypeReference@42c0a16e
2025-01-03T11:21:17.529+07:00 DEBUG 48825 --- [todolist] [           main] org.hibernate.type.BasicTypeRegistry     : Adding type registration nclob -> org.hibernate.type.BasicTypeReference@77a0dd63
2025-01-03T11:21:17.529+07:00 DEBUG 48825 --- [todolist] [           main] org.hibernate.type.BasicTypeRegistry     : Adding type registration java.sql.NClob -> org.hibernate.type.BasicTypeReference@77a0dd63
2025-01-03T11:21:17.529+07:00 DEBUG 48825 --- [todolist] [           main] org.hibernate.type.BasicTypeRegistry     : Adding type registration materialized_clob -> org.hibernate.type.BasicTypeReference@543fe698
2025-01-03T11:21:17.529+07:00 DEBUG 48825 --- [todolist] [           main] org.hibernate.type.BasicTypeRegistry     : Adding type registration materialized_clob_char_array -> org.hibernate.type.BasicTypeReference@6b2fdffc
2025-01-03T11:21:17.529+07:00 DEBUG 48825 --- [todolist] [           main] org.hibernate.type.BasicTypeRegistry     : Adding type registration materialized_clob_character_array -> org.hibernate.type.BasicTypeReference@2ca3d826
2025-01-03T11:21:17.529+07:00 DEBUG 48825 --- [todolist] [           main] org.hibernate.type.BasicTypeRegistry     : Adding type registration materialized_nclob -> org.hibernate.type.BasicTypeReference@5d194314
2025-01-03T11:21:17.529+07:00 DEBUG 48825 --- [todolist] [           main] org.hibernate.type.BasicTypeRegistry     : Adding type registration materialized_nclob_character_array -> org.hibernate.type.BasicTypeReference@76396509
2025-01-03T11:21:17.529+07:00 DEBUG 48825 --- [todolist] [           main] org.hibernate.type.BasicTypeRegistry     : Adding type registration materialized_nclob_char_array -> org.hibernate.type.BasicTypeReference@637c840d
2025-01-03T11:21:17.530+07:00 DEBUG 48825 --- [todolist] [           main] org.hibernate.type.BasicTypeRegistry     : Adding type registration Duration -> org.hibernate.type.BasicTypeReference@51ac12ac
2025-01-03T11:21:17.530+07:00 DEBUG 48825 --- [todolist] [           main] org.hibernate.type.BasicTypeRegistry     : Adding type registration java.time.Duration -> org.hibernate.type.BasicTypeReference@51ac12ac
2025-01-03T11:21:17.530+07:00 DEBUG 48825 --- [todolist] [           main] org.hibernate.type.BasicTypeRegistry     : Adding type registration LocalDateTime -> org.hibernate.type.BasicTypeReference@463afa6e
2025-01-03T11:21:17.530+07:00 DEBUG 48825 --- [todolist] [           main] org.hibernate.type.BasicTypeRegistry     : Adding type registration java.time.LocalDateTime -> org.hibernate.type.BasicTypeReference@463afa6e
2025-01-03T11:21:17.530+07:00 DEBUG 48825 --- [todolist] [           main] org.hibernate.type.BasicTypeRegistry     : Adding type registration LocalDate -> org.hibernate.type.BasicTypeReference@7b96de8d
2025-01-03T11:21:17.530+07:00 DEBUG 48825 --- [todolist] [           main] org.hibernate.type.BasicTypeRegistry     : Adding type registration java.time.LocalDate -> org.hibernate.type.BasicTypeReference@7b96de8d
2025-01-03T11:21:17.530+07:00 DEBUG 48825 --- [todolist] [           main] org.hibernate.type.BasicTypeRegistry     : Adding type registration LocalTime -> org.hibernate.type.BasicTypeReference@7ccd611e
2025-01-03T11:21:17.530+07:00 DEBUG 48825 --- [todolist] [           main] org.hibernate.type.BasicTypeRegistry     : Adding type registration java.time.LocalTime -> org.hibernate.type.BasicTypeReference@7ccd611e
2025-01-03T11:21:17.530+07:00 DEBUG 48825 --- [todolist] [           main] org.hibernate.type.BasicTypeRegistry     : Adding type registration OffsetDateTime -> org.hibernate.type.BasicTypeReference@4dc52559
2025-01-03T11:21:17.530+07:00 DEBUG 48825 --- [todolist] [           main] org.hibernate.type.BasicTypeRegistry     : Adding type registration java.time.OffsetDateTime -> org.hibernate.type.BasicTypeReference@4dc52559
2025-01-03T11:21:17.530+07:00 DEBUG 48825 --- [todolist] [           main] org.hibernate.type.BasicTypeRegistry     : Adding type registration OffsetDateTimeWithTimezone -> org.hibernate.type.BasicTypeReference@5c3d4f05
2025-01-03T11:21:17.530+07:00 DEBUG 48825 --- [todolist] [           main] org.hibernate.type.BasicTypeRegistry     : Adding type registration OffsetDateTimeWithoutTimezone -> org.hibernate.type.BasicTypeReference@119290b9
2025-01-03T11:21:17.530+07:00 DEBUG 48825 --- [todolist] [           main] org.hibernate.type.BasicTypeRegistry     : Adding type registration OffsetTime -> org.hibernate.type.BasicTypeReference@640d604
2025-01-03T11:21:17.530+07:00 DEBUG 48825 --- [todolist] [           main] org.hibernate.type.BasicTypeRegistry     : Adding type registration java.time.OffsetTime -> org.hibernate.type.BasicTypeReference@640d604
2025-01-03T11:21:17.530+07:00 DEBUG 48825 --- [todolist] [           main] org.hibernate.type.BasicTypeRegistry     : Adding type registration OffsetTimeUtc -> org.hibernate.type.BasicTypeReference@62cbc478
2025-01-03T11:21:17.531+07:00 DEBUG 48825 --- [todolist] [           main] org.hibernate.type.BasicTypeRegistry     : Adding type registration OffsetTimeWithTimezone -> org.hibernate.type.BasicTypeReference@5438fa43
2025-01-03T11:21:17.531+07:00 DEBUG 48825 --- [todolist] [           main] org.hibernate.type.BasicTypeRegistry     : Adding type registration OffsetTimeWithoutTimezone -> org.hibernate.type.BasicTypeReference@512abf25
2025-01-03T11:21:17.531+07:00 DEBUG 48825 --- [todolist] [           main] org.hibernate.type.BasicTypeRegistry     : Adding type registration ZonedDateTime -> org.hibernate.type.BasicTypeReference@515ab3f2
2025-01-03T11:21:17.531+07:00 DEBUG 48825 --- [todolist] [           main] org.hibernate.type.BasicTypeRegistry     : Adding type registration java.time.ZonedDateTime -> org.hibernate.type.BasicTypeReference@515ab3f2
2025-01-03T11:21:17.531+07:00 DEBUG 48825 --- [todolist] [           main] org.hibernate.type.BasicTypeRegistry     : Adding type registration ZonedDateTimeWithTimezone -> org.hibernate.type.BasicTypeReference@6d0e45a5
2025-01-03T11:21:17.531+07:00 DEBUG 48825 --- [todolist] [           main] org.hibernate.type.BasicTypeRegistry     : Adding type registration ZonedDateTimeWithoutTimezone -> org.hibernate.type.BasicTypeReference@7e7740a5
2025-01-03T11:21:17.531+07:00 DEBUG 48825 --- [todolist] [           main] org.hibernate.type.BasicTypeRegistry     : Adding type registration date -> org.hibernate.type.BasicTypeReference@7aa01bd9
2025-01-03T11:21:17.531+07:00 DEBUG 48825 --- [todolist] [           main] org.hibernate.type.BasicTypeRegistry     : Adding type registration java.sql.Date -> org.hibernate.type.BasicTypeReference@7aa01bd9
2025-01-03T11:21:17.531+07:00 DEBUG 48825 --- [todolist] [           main] org.hibernate.type.BasicTypeRegistry     : Adding type registration time -> org.hibernate.type.BasicTypeReference@7e61e25c
2025-01-03T11:21:17.531+07:00 DEBUG 48825 --- [todolist] [           main] org.hibernate.type.BasicTypeRegistry     : Adding type registration java.sql.Time -> org.hibernate.type.BasicTypeReference@7e61e25c
2025-01-03T11:21:17.531+07:00 DEBUG 48825 --- [todolist] [           main] org.hibernate.type.BasicTypeRegistry     : Adding type registration timestamp -> org.hibernate.type.BasicTypeReference@615db358
2025-01-03T11:21:17.531+07:00 DEBUG 48825 --- [todolist] [           main] org.hibernate.type.BasicTypeRegistry     : Adding type registration java.sql.Timestamp -> org.hibernate.type.BasicTypeReference@615db358
2025-01-03T11:21:17.531+07:00 DEBUG 48825 --- [todolist] [           main] org.hibernate.type.BasicTypeRegistry     : Adding type registration java.util.Date -> org.hibernate.type.BasicTypeReference@615db358
2025-01-03T11:21:17.531+07:00 DEBUG 48825 --- [todolist] [           main] org.hibernate.type.BasicTypeRegistry     : Adding type registration calendar -> org.hibernate.type.BasicTypeReference@256bb5be
2025-01-03T11:21:17.531+07:00 DEBUG 48825 --- [todolist] [           main] org.hibernate.type.BasicTypeRegistry     : Adding type registration java.util.Calendar -> org.hibernate.type.BasicTypeReference@256bb5be
2025-01-03T11:21:17.532+07:00 DEBUG 48825 --- [todolist] [           main] org.hibernate.type.BasicTypeRegistry     : Adding type registration java.util.GregorianCalendar -> org.hibernate.type.BasicTypeReference@256bb5be
2025-01-03T11:21:17.532+07:00 DEBUG 48825 --- [todolist] [           main] org.hibernate.type.BasicTypeRegistry     : Adding type registration calendar_date -> org.hibernate.type.BasicTypeReference@2e6d76ba
2025-01-03T11:21:17.532+07:00 DEBUG 48825 --- [todolist] [           main] org.hibernate.type.BasicTypeRegistry     : Adding type registration calendar_time -> org.hibernate.type.BasicTypeReference@22a6d75c
2025-01-03T11:21:17.532+07:00 DEBUG 48825 --- [todolist] [           main] org.hibernate.type.BasicTypeRegistry     : Adding type registration instant -> org.hibernate.type.BasicTypeReference@5a9840f3
2025-01-03T11:21:17.532+07:00 DEBUG 48825 --- [todolist] [           main] org.hibernate.type.BasicTypeRegistry     : Adding type registration java.time.Instant -> org.hibernate.type.BasicTypeReference@5a9840f3
2025-01-03T11:21:17.532+07:00 DEBUG 48825 --- [todolist] [           main] org.hibernate.type.BasicTypeRegistry     : Adding type registration uuid -> org.hibernate.type.BasicTypeReference@7d30007d
2025-01-03T11:21:17.532+07:00 DEBUG 48825 --- [todolist] [           main] org.hibernate.type.BasicTypeRegistry     : Adding type registration java.util.UUID -> org.hibernate.type.BasicTypeReference@7d30007d
2025-01-03T11:21:17.532+07:00 DEBUG 48825 --- [todolist] [           main] org.hibernate.type.BasicTypeRegistry     : Adding type registration pg-uuid -> org.hibernate.type.BasicTypeReference@7d30007d
2025-01-03T11:21:17.532+07:00 DEBUG 48825 --- [todolist] [           main] org.hibernate.type.BasicTypeRegistry     : Adding type registration uuid-binary -> org.hibernate.type.BasicTypeReference@382d71c7
2025-01-03T11:21:17.532+07:00 DEBUG 48825 --- [todolist] [           main] org.hibernate.type.BasicTypeRegistry     : Adding type registration uuid-char -> org.hibernate.type.BasicTypeReference@2ca54da9
2025-01-03T11:21:17.532+07:00 DEBUG 48825 --- [todolist] [           main] org.hibernate.type.BasicTypeRegistry     : Adding type registration class -> org.hibernate.type.BasicTypeReference@34a20f16
2025-01-03T11:21:17.532+07:00 DEBUG 48825 --- [todolist] [           main] org.hibernate.type.BasicTypeRegistry     : Adding type registration java.lang.Class -> org.hibernate.type.BasicTypeReference@34a20f16
2025-01-03T11:21:17.533+07:00 DEBUG 48825 --- [todolist] [           main] org.hibernate.type.BasicTypeRegistry     : Adding type registration currency -> org.hibernate.type.BasicTypeReference@496cc217
2025-01-03T11:21:17.533+07:00 DEBUG 48825 --- [todolist] [           main] org.hibernate.type.BasicTypeRegistry     : Adding type registration Currency -> org.hibernate.type.BasicTypeReference@496cc217
2025-01-03T11:21:17.533+07:00 DEBUG 48825 --- [todolist] [           main] org.hibernate.type.BasicTypeRegistry     : Adding type registration java.util.Currency -> org.hibernate.type.BasicTypeReference@496cc217
2025-01-03T11:21:17.533+07:00 DEBUG 48825 --- [todolist] [           main] org.hibernate.type.BasicTypeRegistry     : Adding type registration locale -> org.hibernate.type.BasicTypeReference@1a1c21b4
2025-01-03T11:21:17.533+07:00 DEBUG 48825 --- [todolist] [           main] org.hibernate.type.BasicTypeRegistry     : Adding type registration java.util.Locale -> org.hibernate.type.BasicTypeReference@1a1c21b4
2025-01-03T11:21:17.533+07:00 DEBUG 48825 --- [todolist] [           main] org.hibernate.type.BasicTypeRegistry     : Adding type registration serializable -> org.hibernate.type.BasicTypeReference@1cd2ff5b
2025-01-03T11:21:17.533+07:00 DEBUG 48825 --- [todolist] [           main] org.hibernate.type.BasicTypeRegistry     : Adding type registration java.io.Serializable -> org.hibernate.type.BasicTypeReference@1cd2ff5b
2025-01-03T11:21:17.533+07:00 DEBUG 48825 --- [todolist] [           main] org.hibernate.type.BasicTypeRegistry     : Adding type registration timezone -> org.hibernate.type.BasicTypeReference@38ac8968
2025-01-03T11:21:17.533+07:00 DEBUG 48825 --- [todolist] [           main] org.hibernate.type.BasicTypeRegistry     : Adding type registration java.util.TimeZone -> org.hibernate.type.BasicTypeReference@38ac8968
2025-01-03T11:21:17.533+07:00 DEBUG 48825 --- [todolist] [           main] org.hibernate.type.BasicTypeRegistry     : Adding type registration ZoneOffset -> org.hibernate.type.BasicTypeReference@17ff8810
2025-01-03T11:21:17.533+07:00 DEBUG 48825 --- [todolist] [           main] org.hibernate.type.BasicTypeRegistry     : Adding type registration java.time.ZoneOffset -> org.hibernate.type.BasicTypeReference@17ff8810
2025-01-03T11:21:17.533+07:00 DEBUG 48825 --- [todolist] [           main] org.hibernate.type.BasicTypeRegistry     : Adding type registration url -> org.hibernate.type.BasicTypeReference@6c951ada
2025-01-03T11:21:17.533+07:00 DEBUG 48825 --- [todolist] [           main] org.hibernate.type.BasicTypeRegistry     : Adding type registration java.net.URL -> org.hibernate.type.BasicTypeReference@6c951ada
2025-01-03T11:21:17.533+07:00 DEBUG 48825 --- [todolist] [           main] org.hibernate.type.BasicTypeRegistry     : Adding type registration vector -> org.hibernate.type.BasicTypeReference@67b61834
2025-01-03T11:21:17.533+07:00 DEBUG 48825 --- [todolist] [           main] org.hibernate.type.BasicTypeRegistry     : Adding type registration float_vector -> org.hibernate.type.BasicTypeReference@3b0d3a63
2025-01-03T11:21:17.533+07:00 DEBUG 48825 --- [todolist] [           main] org.hibernate.type.BasicTypeRegistry     : Adding type registration double_vector -> org.hibernate.type.BasicTypeReference@50598a1a
2025-01-03T11:21:17.533+07:00 DEBUG 48825 --- [todolist] [           main] org.hibernate.type.BasicTypeRegistry     : Adding type registration byte_vector -> org.hibernate.type.BasicTypeReference@14de1901
2025-01-03T11:21:17.533+07:00 DEBUG 48825 --- [todolist] [           main] org.hibernate.type.BasicTypeRegistry     : Adding type registration row_version -> org.hibernate.type.BasicTypeReference@437ed416
2025-01-03T11:21:17.536+07:00 DEBUG 48825 --- [todolist] [           main] org.hibernate.type.BasicTypeRegistry     : Adding type registration object -> org.hibernate.type.JavaObjectType@11e9ac24
2025-01-03T11:21:17.536+07:00 DEBUG 48825 --- [todolist] [           main] org.hibernate.type.BasicTypeRegistry     : Adding type registration java.lang.Object -> org.hibernate.type.JavaObjectType@11e9ac24
2025-01-03T11:21:17.537+07:00 DEBUG 48825 --- [todolist] [           main] org.hibernate.type.BasicTypeRegistry     : Adding type registration null -> org.hibernate.type.NullType@723e3c17
2025-01-03T11:21:17.537+07:00 DEBUG 48825 --- [todolist] [           main] org.hibernate.type.BasicTypeRegistry     : Adding type registration imm_date -> org.hibernate.type.BasicTypeReference@4ffced4e
2025-01-03T11:21:17.537+07:00 DEBUG 48825 --- [todolist] [           main] org.hibernate.type.BasicTypeRegistry     : Adding type registration imm_time -> org.hibernate.type.BasicTypeReference@6094de13
2025-01-03T11:21:17.537+07:00 DEBUG 48825 --- [todolist] [           main] org.hibernate.type.BasicTypeRegistry     : Adding type registration imm_timestamp -> org.hibernate.type.BasicTypeReference@bbb6f0
2025-01-03T11:21:17.537+07:00 DEBUG 48825 --- [todolist] [           main] org.hibernate.type.BasicTypeRegistry     : Adding type registration imm_calendar -> org.hibernate.type.BasicTypeReference@3e6ec74
2025-01-03T11:21:17.537+07:00 DEBUG 48825 --- [todolist] [           main] org.hibernate.type.BasicTypeRegistry     : Adding type registration imm_calendar_date -> org.hibernate.type.BasicTypeReference@2bd8f7db
2025-01-03T11:21:17.537+07:00 DEBUG 48825 --- [todolist] [           main] org.hibernate.type.BasicTypeRegistry     : Adding type registration imm_calendar_time -> org.hibernate.type.BasicTypeReference@6d7ad0f5
2025-01-03T11:21:17.537+07:00 DEBUG 48825 --- [todolist] [           main] org.hibernate.type.BasicTypeRegistry     : Adding type registration imm_binary -> org.hibernate.type.BasicTypeReference@30abf79c
2025-01-03T11:21:17.537+07:00 DEBUG 48825 --- [todolist] [           main] org.hibernate.type.BasicTypeRegistry     : Adding type registration imm_serializable -> org.hibernate.type.BasicTypeReference@49a38b1
2025-01-03T11:21:17.540+07:00 DEBUG 48825 --- [todolist] [           main] o.h.boot.internal.BootstrapContextImpl   : Injecting JPA temp ClassLoader [org.springframework.instrument.classloading.SimpleThrowawayClassLoader@703fa45] into BootstrapContext; was [null]
2025-01-03T11:21:17.540+07:00 DEBUG 48825 --- [todolist] [           main] o.h.boot.internal.ClassLoaderAccessImpl  : ClassLoaderAccessImpl#injectTempClassLoader(org.springframework.instrument.classloading.SimpleThrowawayClassLoader@703fa45) [was null]
2025-01-03T11:21:17.540+07:00 DEBUG 48825 --- [todolist] [           main] o.h.boot.internal.BootstrapContextImpl   : Injecting ScanEnvironment [org.hibernate.jpa.boot.internal.StandardJpaScanEnvironmentImpl@7b9088f2] into BootstrapContext; was [null]
2025-01-03T11:21:17.540+07:00 DEBUG 48825 --- [todolist] [           main] o.h.boot.internal.BootstrapContextImpl   : Injecting ScanOptions [org.hibernate.boot.archive.scan.internal.StandardScanOptions@1a914089] into BootstrapContext; was [org.hibernate.boot.archive.scan.internal.StandardScanOptions@43d76a92]
2025-01-03T11:21:17.650+07:00  INFO 48825 --- [todolist] [           main] o.s.o.j.p.SpringPersistenceUnitInfo      : No LoadTimeWeaver setup: ignoring JPA class transformer
2025-01-03T11:21:17.650+07:00 DEBUG 48825 --- [todolist] [           main] o.h.boot.internal.BootstrapContextImpl   : Injecting JPA temp ClassLoader [null] into BootstrapContext; was [org.springframework.instrument.classloading.SimpleThrowawayClassLoader@703fa45]
2025-01-03T11:21:17.650+07:00 DEBUG 48825 --- [todolist] [           main] o.h.boot.internal.ClassLoaderAccessImpl  : ClassLoaderAccessImpl#injectTempClassLoader(null) [was org.springframework.instrument.classloading.SimpleThrowawayClassLoader@703fa45]
2025-01-03T11:21:17.668+07:00 DEBUG 48825 --- [todolist] [           main] com.zaxxer.hikari.HikariConfig           : HikariPool-1 - configuration:
2025-01-03T11:21:17.671+07:00 DEBUG 48825 --- [todolist] [           main] com.zaxxer.hikari.HikariConfig           : allowPoolSuspension.............false
2025-01-03T11:21:17.671+07:00 DEBUG 48825 --- [todolist] [           main] com.zaxxer.hikari.HikariConfig           : autoCommit......................true
2025-01-03T11:21:17.671+07:00 DEBUG 48825 --- [todolist] [           main] com.zaxxer.hikari.HikariConfig           : catalog.........................none
2025-01-03T11:21:17.671+07:00 DEBUG 48825 --- [todolist] [           main] com.zaxxer.hikari.HikariConfig           : connectionInitSql...............none
2025-01-03T11:21:17.672+07:00 DEBUG 48825 --- [todolist] [           main] com.zaxxer.hikari.HikariConfig           : connectionTestQuery.............none
2025-01-03T11:21:17.672+07:00 DEBUG 48825 --- [todolist] [           main] com.zaxxer.hikari.HikariConfig           : connectionTimeout...............30000
2025-01-03T11:21:17.672+07:00 DEBUG 48825 --- [todolist] [           main] com.zaxxer.hikari.HikariConfig           : dataSource......................none
2025-01-03T11:21:17.672+07:00 DEBUG 48825 --- [todolist] [           main] com.zaxxer.hikari.HikariConfig           : dataSourceClassName.............none
2025-01-03T11:21:17.672+07:00 DEBUG 48825 --- [todolist] [           main] com.zaxxer.hikari.HikariConfig           : dataSourceJNDI..................none
2025-01-03T11:21:17.672+07:00 DEBUG 48825 --- [todolist] [           main] com.zaxxer.hikari.HikariConfig           : dataSourceProperties............{password=<masked>}
2025-01-03T11:21:17.673+07:00 DEBUG 48825 --- [todolist] [           main] com.zaxxer.hikari.HikariConfig           : driverClassName................."com.mysql.cj.jdbc.Driver"
2025-01-03T11:21:17.673+07:00 DEBUG 48825 --- [todolist] [           main] com.zaxxer.hikari.HikariConfig           : exceptionOverrideClassName......none
2025-01-03T11:21:17.673+07:00 DEBUG 48825 --- [todolist] [           main] com.zaxxer.hikari.HikariConfig           : healthCheckProperties...........{}
2025-01-03T11:21:17.673+07:00 DEBUG 48825 --- [todolist] [           main] com.zaxxer.hikari.HikariConfig           : healthCheckRegistry.............none
2025-01-03T11:21:17.673+07:00 DEBUG 48825 --- [todolist] [           main] com.zaxxer.hikari.HikariConfig           : idleTimeout.....................600000
2025-01-03T11:21:17.673+07:00 DEBUG 48825 --- [todolist] [           main] com.zaxxer.hikari.HikariConfig           : initializationFailTimeout.......1
2025-01-03T11:21:17.673+07:00 DEBUG 48825 --- [todolist] [           main] com.zaxxer.hikari.HikariConfig           : isolateInternalQueries..........false
2025-01-03T11:21:17.673+07:00 DEBUG 48825 --- [todolist] [           main] com.zaxxer.hikari.HikariConfig           : jdbcUrl.........................jdbc:mysql://localhost:3306/todolist_db
2025-01-03T11:21:17.673+07:00 DEBUG 48825 --- [todolist] [           main] com.zaxxer.hikari.HikariConfig           : keepaliveTime...................0
2025-01-03T11:21:17.673+07:00 DEBUG 48825 --- [todolist] [           main] com.zaxxer.hikari.HikariConfig           : leakDetectionThreshold..........0
2025-01-03T11:21:17.674+07:00 DEBUG 48825 --- [todolist] [           main] com.zaxxer.hikari.HikariConfig           : maxLifetime.....................1800000
2025-01-03T11:21:17.674+07:00 DEBUG 48825 --- [todolist] [           main] com.zaxxer.hikari.HikariConfig           : maximumPoolSize.................10
2025-01-03T11:21:17.674+07:00 DEBUG 48825 --- [todolist] [           main] com.zaxxer.hikari.HikariConfig           : metricRegistry..................none
2025-01-03T11:21:17.674+07:00 DEBUG 48825 --- [todolist] [           main] com.zaxxer.hikari.HikariConfig           : metricsTrackerFactory...........none
2025-01-03T11:21:17.674+07:00 DEBUG 48825 --- [todolist] [           main] com.zaxxer.hikari.HikariConfig           : minimumIdle.....................10
2025-01-03T11:21:17.674+07:00 DEBUG 48825 --- [todolist] [           main] com.zaxxer.hikari.HikariConfig           : password........................<masked>
2025-01-03T11:21:17.674+07:00 DEBUG 48825 --- [todolist] [           main] com.zaxxer.hikari.HikariConfig           : poolName........................"HikariPool-1"
2025-01-03T11:21:17.674+07:00 DEBUG 48825 --- [todolist] [           main] com.zaxxer.hikari.HikariConfig           : readOnly........................false
2025-01-03T11:21:17.674+07:00 DEBUG 48825 --- [todolist] [           main] com.zaxxer.hikari.HikariConfig           : registerMbeans..................false
2025-01-03T11:21:17.674+07:00 DEBUG 48825 --- [todolist] [           main] com.zaxxer.hikari.HikariConfig           : scheduledExecutor...............none
2025-01-03T11:21:17.674+07:00 DEBUG 48825 --- [todolist] [           main] com.zaxxer.hikari.HikariConfig           : schema..........................none
2025-01-03T11:21:17.674+07:00 DEBUG 48825 --- [todolist] [           main] com.zaxxer.hikari.HikariConfig           : threadFactory...................internal
2025-01-03T11:21:17.675+07:00 DEBUG 48825 --- [todolist] [           main] com.zaxxer.hikari.HikariConfig           : transactionIsolation............default
2025-01-03T11:21:17.675+07:00 DEBUG 48825 --- [todolist] [           main] com.zaxxer.hikari.HikariConfig           : username........................"root"
2025-01-03T11:21:17.675+07:00 DEBUG 48825 --- [todolist] [           main] com.zaxxer.hikari.HikariConfig           : validationTimeout...............5000
2025-01-03T11:21:17.675+07:00  INFO 48825 --- [todolist] [           main] com.zaxxer.hikari.HikariDataSource       : HikariPool-1 - Starting...
2025-01-03T11:21:17.906+07:00 DEBUG 48825 --- [todolist] [           main] jdk.event.security                       : X509Certificate: Alg:SHA256withRSA, Serial:2, Subject:CN=MySQL_Server_9.0.1_Auto_Generated_Server_Certificate, Issuer:CN=MySQL_Server_9.0.1_Auto_Generated_CA_Certificate, Key type:RSA, Length:2048, Cert Id:2888769936, Valid from:12/18/24, 10:22 PM, Valid until:12/16/34, 10:22 PM
2025-01-03T11:21:17.907+07:00 DEBUG 48825 --- [todolist] [           main] jdk.event.security                       : X509Certificate: Alg:SHA256withRSA, Serial:1, Subject:CN=MySQL_Server_9.0.1_Auto_Generated_CA_Certificate, Issuer:CN=MySQL_Server_9.0.1_Auto_Generated_CA_Certificate, Key type:RSA, Length:2048, Cert Id:387022057, Valid from:12/18/24, 10:22 PM, Valid until:12/16/34, 10:22 PM
2025-01-03T11:21:17.914+07:00 DEBUG 48825 --- [todolist] [           main] jdk.event.security                       :  TLSHandshake: localhost:3306, TLSv1.3, TLS_AES_256_GCM_SHA384, 2888769936
2025-01-03T11:21:17.935+07:00  INFO 48825 --- [todolist] [           main] com.zaxxer.hikari.pool.HikariPool        : HikariPool-1 - Added connection com.mysql.cj.jdbc.ConnectionImpl@5fb44964
2025-01-03T11:21:17.936+07:00  INFO 48825 --- [todolist] [           main] com.zaxxer.hikari.HikariDataSource       : HikariPool-1 - Start completed.
2025-01-03T11:21:17.939+07:00 DEBUG 48825 --- [todolist] [           main] o.h.e.j.e.i.JdbcEnvironmentInitiator     : Database ->
	   name : MySQL
	version : 9.0.1
	  major : 9
	  minor : 0
2025-01-03T11:21:17.939+07:00 DEBUG 48825 --- [todolist] [           main] o.h.e.j.e.i.JdbcEnvironmentInitiator     : Driver ->
	   name : MySQL Connector/J
	version : mysql-connector-j-9.1.0 (Revision: cf2917ea44ae2e43a4514a33771035aa99de73bf)
	  major : 9
	  minor : 1
2025-01-03T11:21:17.940+07:00 DEBUG 48825 --- [todolist] [           main] o.h.e.j.e.i.JdbcEnvironmentInitiator     : JDBC version : 4.2
2025-01-03T11:21:17.968+07:00  WARN 48825 --- [todolist] [           main] org.hibernate.orm.deprecation            : HHH90000025: MySQL8Dialect does not need to be specified explicitly using 'hibernate.dialect' (remove the property setting and it will be selected by default)
2025-01-03T11:21:17.968+07:00 DEBUG 48825 --- [todolist] [           main] org.hibernate.orm.dialect                : HHH035001: Using dialect: org.hibernate.dialect.MySQL8Dialect, version: 8.0
2025-01-03T11:21:17.968+07:00  WARN 48825 --- [todolist] [           main] org.hibernate.orm.deprecation            : HHH90000026: MySQL8Dialect has been deprecated; use org.hibernate.dialect.MySQLDialect instead
2025-01-03T11:21:17.977+07:00 DEBUG 48825 --- [todolist] [           main] o.h.e.j.env.spi.IdentifierHelperBuilder  : JDBC driver metadata reported database stores quoted identifiers in more than one case
2025-01-03T11:21:17.977+07:00 DEBUG 48825 --- [todolist] [           main] o.h.e.j.env.spi.IdentifierHelperBuilder  : IdentifierCaseStrategy for both quoted and unquoted identifiers was set to the same strategy [MIXED]; that will likely lead to problems in schema update and validation if using quoted identifiers
2025-01-03T11:21:17.985+07:00  INFO 48825 --- [todolist] [           main] org.hibernate.orm.connections.pooling    : HHH10001005: Database info:
	Database JDBC URL [Connecting through datasource 'HikariDataSource (HikariPool-1)']
	Database driver: undefined/unknown
	Database version: 8.0
	Autocommit mode: undefined/unknown
	Isolation level: undefined/unknown
	Minimum pool size: undefined/unknown
	Maximum pool size: undefined/unknown
2025-01-03T11:21:17.989+07:00 DEBUG 48825 --- [todolist] [           main] o.h.t.d.sql.spi.DdlTypeRegistry          : addDescriptor(12, org.hibernate.type.descriptor.sql.internal.CapacityDependentDdlType@4f676900) replaced previous registration(org.hibernate.type.descriptor.sql.internal.CapacityDependentDdlType@73a49597)
2025-01-03T11:21:17.989+07:00 DEBUG 48825 --- [todolist] [           main] o.h.t.d.sql.spi.DdlTypeRegistry          : addDescriptor(-9, org.hibernate.type.descriptor.sql.internal.CapacityDependentDdlType@5eb2972f) replaced previous registration(org.hibernate.type.descriptor.sql.internal.CapacityDependentDdlType@29699283)
2025-01-03T11:21:17.989+07:00 DEBUG 48825 --- [todolist] [           main] o.h.t.d.sql.spi.DdlTypeRegistry          : addDescriptor(-3, org.hibernate.type.descriptor.sql.internal.CapacityDependentDdlType@5d32c1c7) replaced previous registration(org.hibernate.type.descriptor.sql.internal.CapacityDependentDdlType@a6dffdb)
2025-01-03T11:21:17.989+07:00 DEBUG 48825 --- [todolist] [           main] o.h.t.d.sql.spi.DdlTypeRegistry          : addDescriptor(4003, org.hibernate.type.descriptor.sql.internal.DdlTypeImpl@40ac0a56) replaced previous registration(org.hibernate.type.descriptor.sql.internal.DdlTypeImpl@25b4754a)
2025-01-03T11:21:17.989+07:00 DEBUG 48825 --- [todolist] [           main] o.h.t.d.sql.spi.DdlTypeRegistry          : addDescriptor(4001, org.hibernate.type.descriptor.sql.internal.DdlTypeImpl@6ec3a4c2) replaced previous registration(org.hibernate.type.descriptor.sql.internal.DdlTypeImpl@bb50de6)
2025-01-03T11:21:17.989+07:00 DEBUG 48825 --- [todolist] [           main] o.h.t.d.sql.spi.DdlTypeRegistry          : addDescriptor(4002, org.hibernate.type.descriptor.sql.internal.DdlTypeImpl@2b6b487c) replaced previous registration(org.hibernate.type.descriptor.sql.internal.DdlTypeImpl@2d73767e)
2025-01-03T11:21:17.989+07:00 DEBUG 48825 --- [todolist] [           main] o.h.t.d.sql.spi.DdlTypeRegistry          : addDescriptor(2004, org.hibernate.type.descriptor.sql.internal.CapacityDependentDdlType@5e6522a6) replaced previous registration(org.hibernate.type.descriptor.sql.internal.DdlTypeImpl@7d1cdeb1)
2025-01-03T11:21:17.989+07:00 DEBUG 48825 --- [todolist] [           main] o.h.t.d.sql.spi.DdlTypeRegistry          : addDescriptor(2005, org.hibernate.type.descriptor.sql.internal.CapacityDependentDdlType@c4551c6) replaced previous registration(org.hibernate.type.descriptor.sql.internal.DdlTypeImpl@3a3316b6)
2025-01-03T11:21:17.989+07:00 DEBUG 48825 --- [todolist] [           main] o.h.t.d.sql.spi.DdlTypeRegistry          : addDescriptor(2011, org.hibernate.type.descriptor.sql.internal.CapacityDependentDdlType@4db46344) replaced previous registration(org.hibernate.type.descriptor.sql.internal.DdlTypeImpl@56c6d515)
2025-01-03T11:21:17.990+07:00 DEBUG 48825 --- [todolist] [           main] o.h.t.d.jdbc.spi.JdbcTypeRegistry        : addDescriptor(NCharTypeDescriptor) replaced previous registration(CharTypeDescriptor)
2025-01-03T11:21:17.990+07:00 DEBUG 48825 --- [todolist] [           main] o.h.t.d.jdbc.spi.JdbcTypeRegistry        : addDescriptor(NVarcharTypeDescriptor) replaced previous registration(VarcharTypeDescriptor)
2025-01-03T11:21:17.991+07:00 DEBUG 48825 --- [todolist] [           main] o.h.t.d.jdbc.spi.JdbcTypeRegistry        : addDescriptor(LongNVarcharTypeDescriptor) replaced previous registration(LongVarcharTypeDescriptor)
2025-01-03T11:21:17.992+07:00 DEBUG 48825 --- [todolist] [           main] o.h.t.d.jdbc.spi.JdbcTypeRegistry        : addDescriptor(NClobTypeDescriptor(DEFAULT)) replaced previous registration(ClobTypeDescriptor(DEFAULT))
2025-01-03T11:21:17.993+07:00 DEBUG 48825 --- [todolist] [           main] org.hibernate.type.BasicTypeRegistry     : Adding type registration null -> org.hibernate.type.NullType@58f50dd0
2025-01-03T11:21:17.993+07:00 DEBUG 48825 --- [todolist] [           main] org.hibernate.type.BasicTypeRegistry     : Type registration key [null] overrode previous entry : `org.hibernate.type.NullType@723e3c17`
2025-01-03T11:21:17.995+07:00 DEBUG 48825 --- [todolist] [           main] org.hibernate.type.BasicTypeRegistry     : Adding type registration org.hibernate.type.DurationType -> basicType@1(java.time.Duration,3015)
2025-01-03T11:21:17.995+07:00 DEBUG 48825 --- [todolist] [           main] org.hibernate.type.BasicTypeRegistry     : Adding type registration Duration -> basicType@1(java.time.Duration,3015)
2025-01-03T11:21:17.995+07:00 DEBUG 48825 --- [todolist] [           main] org.hibernate.type.BasicTypeRegistry     : Adding type registration java.time.Duration -> basicType@1(java.time.Duration,3015)
2025-01-03T11:21:17.997+07:00 DEBUG 48825 --- [todolist] [           main] org.hibernate.type.BasicTypeRegistry     : Adding type registration org.hibernate.type.OffsetDateTimeType -> basicType@2(java.time.OffsetDateTime,3003)
2025-01-03T11:21:17.997+07:00 DEBUG 48825 --- [todolist] [           main] org.hibernate.type.BasicTypeRegistry     : Adding type registration OffsetDateTime -> basicType@2(java.time.OffsetDateTime,3003)
2025-01-03T11:21:17.997+07:00 DEBUG 48825 --- [todolist] [           main] org.hibernate.type.BasicTypeRegistry     : Adding type registration java.time.OffsetDateTime -> basicType@2(java.time.OffsetDateTime,3003)
2025-01-03T11:21:17.997+07:00 DEBUG 48825 --- [todolist] [           main] org.hibernate.type.BasicTypeRegistry     : Adding type registration org.hibernate.type.ZonedDateTimeType -> basicType@3(java.time.ZonedDateTime,3003)
2025-01-03T11:21:17.997+07:00 DEBUG 48825 --- [todolist] [           main] org.hibernate.type.BasicTypeRegistry     : Adding type registration ZonedDateTime -> basicType@3(java.time.ZonedDateTime,3003)
2025-01-03T11:21:17.997+07:00 DEBUG 48825 --- [todolist] [           main] org.hibernate.type.BasicTypeRegistry     : Adding type registration java.time.ZonedDateTime -> basicType@3(java.time.ZonedDateTime,3003)
2025-01-03T11:21:17.997+07:00 DEBUG 48825 --- [todolist] [           main] org.hibernate.type.BasicTypeRegistry     : Adding type registration org.hibernate.type.OffsetTimeType -> basicType@4(java.time.OffsetTime,3007)
2025-01-03T11:21:17.997+07:00 DEBUG 48825 --- [todolist] [           main] org.hibernate.type.BasicTypeRegistry     : Adding type registration OffsetTime -> basicType@4(java.time.OffsetTime,3007)
2025-01-03T11:21:17.997+07:00 DEBUG 48825 --- [todolist] [           main] org.hibernate.type.BasicTypeRegistry     : Adding type registration java.time.OffsetTime -> basicType@4(java.time.OffsetTime,3007)
2025-01-03T11:21:17.998+07:00 DEBUG 48825 --- [todolist] [           main] o.h.type.spi.TypeConfiguration$Scope     : Scoping TypeConfiguration [org.hibernate.type.spi.TypeConfiguration@156ff70f] to MetadataBuildingContext [org.hibernate.boot.internal.MetadataBuildingContextRootImpl@c5a2d5]
2025-01-03T11:21:18.021+07:00 DEBUG 48825 --- [todolist] [           main] o.h.boot.model.relational.Namespace      : Created database namespace [logicalName=Name{catalog=null, schema=null}, physicalName=Name{catalog=null, schema=null}]
2025-01-03T11:21:18.034+07:00 DEBUG 48825 --- [todolist] [           main] o.h.boot.model.internal.EntityBinder     : Binding entity from annotated class: api.todolist.model.Category
2025-01-03T11:21:18.037+07:00 DEBUG 48825 --- [todolist] [           main] o.h.boot.model.internal.EntityBinder     : Import with entity name Category
2025-01-03T11:21:18.041+07:00 DEBUG 48825 --- [todolist] [l-1 housekeeper] com.zaxxer.hikari.pool.HikariPool        : HikariPool-1 - Pool stats (total=1, active=0, idle=1, waiting=0)
2025-01-03T11:21:18.042+07:00 DEBUG 48825 --- [todolist] [           main] o.h.boot.model.internal.EntityBinder     : Bind entity api.todolist.model.Category on table category
2025-01-03T11:21:18.047+07:00 DEBUG 48825 --- [todolist] [           main] o.h.boot.model.internal.AnnotatedColumn  : Binding column: AnnotatedDiscriminatorColumn(column='DTYPE')
2025-01-03T11:21:18.055+07:00 DEBUG 48825 --- [todolist] [onnection adder] jdk.event.security                       : X509Certificate: Alg:SHA256withRSA, Serial:2, Subject:CN=MySQL_Server_9.0.1_Auto_Generated_Server_Certificate, Issuer:CN=MySQL_Server_9.0.1_Auto_Generated_CA_Certificate, Key type:RSA, Length:2048, Cert Id:2888769936, Valid from:12/18/24, 10:22 PM, Valid until:12/16/34, 10:22 PM
2025-01-03T11:21:18.055+07:00 DEBUG 48825 --- [todolist] [onnection adder] jdk.event.security                       : X509Certificate: Alg:SHA256withRSA, Serial:1, Subject:CN=MySQL_Server_9.0.1_Auto_Generated_CA_Certificate, Issuer:CN=MySQL_Server_9.0.1_Auto_Generated_CA_Certificate, Key type:RSA, Length:2048, Cert Id:387022057, Valid from:12/18/24, 10:22 PM, Valid until:12/16/34, 10:22 PM
2025-01-03T11:21:18.058+07:00 DEBUG 48825 --- [todolist] [           main] o.h.boot.model.internal.AnnotatedColumn  : Binding column: AnnotatedColumn()
2025-01-03T11:21:18.058+07:00 DEBUG 48825 --- [todolist] [           main] o.h.boot.internal.ClassLoaderAccessImpl  : Not known whether passed class name [api.todolist.model.Category] is safe
2025-01-03T11:21:18.058+07:00 DEBUG 48825 --- [todolist] [           main] o.h.boot.internal.ClassLoaderAccessImpl  : No temp ClassLoader provided; using live ClassLoader for loading potentially unsafe class : api.todolist.model.Category
2025-01-03T11:21:18.058+07:00 DEBUG 48825 --- [todolist] [onnection adder] jdk.event.security                       :  TLSHandshake: localhost:3306, TLSv1.3, TLS_AES_256_GCM_SHA384, 2888769936
2025-01-03T11:21:18.060+07:00 DEBUG 48825 --- [todolist] [           main] o.h.boot.model.internal.PropertyBinder   : MetadataSourceProcessor property id with lazy=false
2025-01-03T11:21:18.062+07:00 DEBUG 48825 --- [todolist] [           main] o.h.b.m.internal.AbstractPropertyHolder  : Attempting to locate auto-apply AttributeConverter for property [api.todolist.model.Category:id]
2025-01-03T11:21:18.063+07:00 DEBUG 48825 --- [todolist] [           main] o.h.b.m.c.i.AttributeConverterManager    : Checking auto-apply AttributeConverter [api.todolist.converter.StatusConverter] (domain-type=Lapi/todolist/model/Task$Status;) for match against basic attribute : api.todolist.model.Category.id (type=java.lang.Long)
2025-01-03T11:21:18.064+07:00 DEBUG 48825 --- [todolist] [onnection adder] com.zaxxer.hikari.pool.HikariPool        : HikariPool-1 - Added connection com.mysql.cj.jdbc.ConnectionImpl@3812241e
2025-01-03T11:21:18.064+07:00 DEBUG 48825 --- [todolist] [           main] o.h.b.m.c.i.AttributeConverterManager    : Checking auto-apply AttributeConverter [api.todolist.converter.PriorityConverter] (domain-type=Lapi/todolist/model/Task$Priority;) for match against basic attribute : api.todolist.model.Category.id (type=java.lang.Long)
2025-01-03T11:21:18.066+07:00 DEBUG 48825 --- [todolist] [           main] o.h.b.model.internal.BasicValueBinder    : building BasicValue for id
2025-01-03T11:21:18.067+07:00 DEBUG 48825 --- [todolist] [           main] org.hibernate.mapping.BasicValue         : Skipping column re-registration: category.id
2025-01-03T11:21:18.068+07:00 DEBUG 48825 --- [todolist] [           main] o.h.boot.model.internal.PropertyBinder   : Building property id
2025-01-03T11:21:18.069+07:00 DEBUG 48825 --- [todolist] [           main] o.h.boot.model.internal.BinderHelper     : #makeIdGenerator(BasicValue([Column(id)]), id, identity, , ...)
2025-01-03T11:21:18.070+07:00 DEBUG 48825 --- [todolist] [           main] o.h.boot.model.internal.AnnotatedColumn  : Binding column: AnnotatedColumn()
2025-01-03T11:21:18.070+07:00 DEBUG 48825 --- [todolist] [           main] o.h.boot.model.internal.PropertyBinder   : MetadataSourceProcessor property category with lazy=false
2025-01-03T11:21:18.070+07:00 DEBUG 48825 --- [todolist] [           main] o.h.b.m.internal.AbstractPropertyHolder  : Attempting to locate auto-apply AttributeConverter for property [api.todolist.model.Category:category]
2025-01-03T11:21:18.070+07:00 DEBUG 48825 --- [todolist] [           main] o.h.b.m.c.i.AttributeConverterManager    : Checking auto-apply AttributeConverter [api.todolist.converter.StatusConverter] (domain-type=Lapi/todolist/model/Task$Status;) for match against basic attribute : api.todolist.model.Category.category (type=java.lang.String)
2025-01-03T11:21:18.070+07:00 DEBUG 48825 --- [todolist] [           main] o.h.b.m.c.i.AttributeConverterManager    : Checking auto-apply AttributeConverter [api.todolist.converter.PriorityConverter] (domain-type=Lapi/todolist/model/Task$Priority;) for match against basic attribute : api.todolist.model.Category.category (type=java.lang.String)
2025-01-03T11:21:18.070+07:00 DEBUG 48825 --- [todolist] [           main] o.h.b.model.internal.BasicValueBinder    : building BasicValue for category
2025-01-03T11:21:18.070+07:00 DEBUG 48825 --- [todolist] [           main] org.hibernate.mapping.BasicValue         : Skipping column re-registration: category.category
2025-01-03T11:21:18.070+07:00 DEBUG 48825 --- [todolist] [           main] o.h.boot.model.internal.PropertyBinder   : Building property category
2025-01-03T11:21:18.071+07:00 DEBUG 48825 --- [todolist] [           main] o.h.boot.model.internal.AnnotatedColumn  : Binding column: AnnotatedColumn(column='created_at')
2025-01-03T11:21:18.071+07:00 DEBUG 48825 --- [todolist] [           main] o.h.boot.model.internal.PropertyBinder   : MetadataSourceProcessor property createdAt with lazy=false
2025-01-03T11:21:18.071+07:00 DEBUG 48825 --- [todolist] [           main] o.h.b.m.internal.AbstractPropertyHolder  : Attempting to locate auto-apply AttributeConverter for property [api.todolist.model.Category:createdAt]
2025-01-03T11:21:18.071+07:00 DEBUG 48825 --- [todolist] [           main] o.h.b.m.c.i.AttributeConverterManager    : Checking auto-apply AttributeConverter [api.todolist.converter.StatusConverter] (domain-type=Lapi/todolist/model/Task$Status;) for match against basic attribute : api.todolist.model.Category.createdAt (type=java.time.LocalDateTime)
2025-01-03T11:21:18.071+07:00 DEBUG 48825 --- [todolist] [           main] o.h.b.m.c.i.AttributeConverterManager    : Checking auto-apply AttributeConverter [api.todolist.converter.PriorityConverter] (domain-type=Lapi/todolist/model/Task$Priority;) for match against basic attribute : api.todolist.model.Category.createdAt (type=java.time.LocalDateTime)
2025-01-03T11:21:18.071+07:00 DEBUG 48825 --- [todolist] [           main] o.h.b.model.internal.BasicValueBinder    : building BasicValue for createdAt
2025-01-03T11:21:18.071+07:00 DEBUG 48825 --- [todolist] [           main] org.hibernate.mapping.BasicValue         : Skipping column re-registration: category.created_at
2025-01-03T11:21:18.071+07:00 DEBUG 48825 --- [todolist] [           main] o.h.boot.model.internal.PropertyBinder   : Building property createdAt
2025-01-03T11:21:18.072+07:00 DEBUG 48825 --- [todolist] [           main] o.h.boot.model.internal.AnnotatedColumn  : Binding column: AnnotatedJoinColumn()
2025-01-03T11:21:18.072+07:00 DEBUG 48825 --- [todolist] [           main] o.h.boot.model.internal.AnnotatedColumn  : Binding column: AnnotatedColumn()
2025-01-03T11:21:18.079+07:00 DEBUG 48825 --- [todolist] [           main] o.h.boot.model.internal.AnnotatedColumn  : Binding column: IndexColumn(column='tasks_ORDER')
2025-01-03T11:21:18.080+07:00 DEBUG 48825 --- [todolist] [           main] o.h.boot.model.internal.AnnotatedColumn  : Binding column: AnnotatedColumn()
2025-01-03T11:21:18.080+07:00 DEBUG 48825 --- [todolist] [           main] o.h.boot.model.internal.AnnotatedColumn  : Binding column: AnnotatedColumn(column='tasks_KEY')
2025-01-03T11:21:18.080+07:00 DEBUG 48825 --- [todolist] [           main] o.h.boot.model.internal.AnnotatedColumn  : Binding column: AnnotatedJoinColumn(column='tasks_KEY')
2025-01-03T11:21:18.081+07:00 DEBUG 48825 --- [todolist] [           main] o.h.boot.model.internal.AnnotatedColumn  : Binding column: AnnotatedJoinColumn()
2025-01-03T11:21:18.081+07:00 DEBUG 48825 --- [todolist] [           main] o.h.boot.model.internal.AnnotatedColumn  : Binding column: AnnotatedJoinColumn()
2025-01-03T11:21:18.083+07:00 DEBUG 48825 --- [todolist] [           main] o.h.b.model.internal.CollectionBinder    : Collection role: api.todolist.model.Category.tasks
2025-01-03T11:21:18.084+07:00 DEBUG 48825 --- [todolist] [           main] o.h.boot.model.internal.PropertyBinder   : Building property tasks
2025-01-03T11:21:18.084+07:00 DEBUG 48825 --- [todolist] [           main] o.h.boot.model.internal.AnnotatedColumn  : Binding column: AnnotatedColumn(column='updated_at')
2025-01-03T11:21:18.084+07:00 DEBUG 48825 --- [todolist] [           main] o.h.boot.model.internal.PropertyBinder   : MetadataSourceProcessor property updatedAt with lazy=false
2025-01-03T11:21:18.084+07:00 DEBUG 48825 --- [todolist] [           main] o.h.b.m.internal.AbstractPropertyHolder  : Attempting to locate auto-apply AttributeConverter for property [api.todolist.model.Category:updatedAt]
2025-01-03T11:21:18.084+07:00 DEBUG 48825 --- [todolist] [           main] o.h.b.m.c.i.AttributeConverterManager    : Checking auto-apply AttributeConverter [api.todolist.converter.StatusConverter] (domain-type=Lapi/todolist/model/Task$Status;) for match against basic attribute : api.todolist.model.Category.updatedAt (type=java.time.LocalDateTime)
2025-01-03T11:21:18.084+07:00 DEBUG 48825 --- [todolist] [           main] o.h.b.m.c.i.AttributeConverterManager    : Checking auto-apply AttributeConverter [api.todolist.converter.PriorityConverter] (domain-type=Lapi/todolist/model/Task$Priority;) for match against basic attribute : api.todolist.model.Category.updatedAt (type=java.time.LocalDateTime)
2025-01-03T11:21:18.084+07:00 DEBUG 48825 --- [todolist] [           main] o.h.b.model.internal.BasicValueBinder    : building BasicValue for updatedAt
2025-01-03T11:21:18.084+07:00 DEBUG 48825 --- [todolist] [           main] org.hibernate.mapping.BasicValue         : Skipping column re-registration: category.updated_at
2025-01-03T11:21:18.084+07:00 DEBUG 48825 --- [todolist] [           main] o.h.boot.model.internal.PropertyBinder   : Building property updatedAt
2025-01-03T11:21:18.084+07:00 DEBUG 48825 --- [todolist] [           main] o.h.boot.model.internal.AnnotatedColumn  : Binding column: AnnotatedJoinColumn()
2025-01-03T11:21:18.085+07:00 DEBUG 48825 --- [todolist] [           main] o.h.boot.model.internal.AnnotatedColumn  : Binding column: AnnotatedColumn()
2025-01-03T11:21:18.086+07:00 DEBUG 48825 --- [todolist] [           main] o.h.boot.model.internal.PropertyBinder   : Building property user
2025-01-03T11:21:18.086+07:00 DEBUG 48825 --- [todolist] [           main] o.h.b.r.c.i.ClassLoaderServiceImpl       : HHH000194: Package not found or no package-info.java: api.todolist.model
2025-01-03T11:21:18.088+07:00 DEBUG 48825 --- [todolist] [           main] e.i.CallbackDefinitionResolverLegacyImpl : Adding onUpdate as PreUpdate callback for entity api.todolist.model.Category
2025-01-03T11:21:18.089+07:00 DEBUG 48825 --- [todolist] [           main] e.i.CallbackDefinitionResolverLegacyImpl : Adding onCreate as PrePersist callback for entity api.todolist.model.Category
2025-01-03T11:21:18.089+07:00 DEBUG 48825 --- [todolist] [           main] o.h.boot.model.internal.EntityBinder     : Binding entity from annotated class: api.todolist.model.Task
2025-01-03T11:21:18.090+07:00 DEBUG 48825 --- [todolist] [           main] o.h.boot.model.internal.EntityBinder     : Import with entity name Task
2025-01-03T11:21:18.090+07:00 DEBUG 48825 --- [todolist] [           main] o.h.boot.model.internal.EntityBinder     : Bind entity api.todolist.model.Task on table task
2025-01-03T11:21:18.090+07:00 DEBUG 48825 --- [todolist] [           main] o.h.boot.model.internal.AnnotatedColumn  : Binding column: AnnotatedDiscriminatorColumn(column='DTYPE')
2025-01-03T11:21:18.092+07:00 DEBUG 48825 --- [todolist] [           main] o.h.boot.model.internal.AnnotatedColumn  : Binding column: AnnotatedColumn()
2025-01-03T11:21:18.092+07:00 DEBUG 48825 --- [todolist] [           main] o.h.boot.internal.ClassLoaderAccessImpl  : Not known whether passed class name [api.todolist.model.Task] is safe
2025-01-03T11:21:18.092+07:00 DEBUG 48825 --- [todolist] [           main] o.h.boot.internal.ClassLoaderAccessImpl  : No temp ClassLoader provided; using live ClassLoader for loading potentially unsafe class : api.todolist.model.Task
2025-01-03T11:21:18.092+07:00 DEBUG 48825 --- [todolist] [           main] o.h.boot.model.internal.PropertyBinder   : MetadataSourceProcessor property id with lazy=false
2025-01-03T11:21:18.092+07:00 DEBUG 48825 --- [todolist] [           main] o.h.b.m.internal.AbstractPropertyHolder  : Attempting to locate auto-apply AttributeConverter for property [api.todolist.model.Task:id]
2025-01-03T11:21:18.092+07:00 DEBUG 48825 --- [todolist] [           main] o.h.b.m.c.i.AttributeConverterManager    : Checking auto-apply AttributeConverter [api.todolist.converter.StatusConverter] (domain-type=Lapi/todolist/model/Task$Status;) for match against basic attribute : api.todolist.model.Task.id (type=java.lang.Long)
2025-01-03T11:21:18.092+07:00 DEBUG 48825 --- [todolist] [           main] o.h.b.m.c.i.AttributeConverterManager    : Checking auto-apply AttributeConverter [api.todolist.converter.PriorityConverter] (domain-type=Lapi/todolist/model/Task$Priority;) for match against basic attribute : api.todolist.model.Task.id (type=java.lang.Long)
2025-01-03T11:21:18.092+07:00 DEBUG 48825 --- [todolist] [           main] o.h.b.model.internal.BasicValueBinder    : building BasicValue for id
2025-01-03T11:21:18.092+07:00 DEBUG 48825 --- [todolist] [           main] org.hibernate.mapping.BasicValue         : Skipping column re-registration: task.id
2025-01-03T11:21:18.092+07:00 DEBUG 48825 --- [todolist] [           main] o.h.boot.model.internal.PropertyBinder   : Building property id
2025-01-03T11:21:18.092+07:00 DEBUG 48825 --- [todolist] [           main] o.h.boot.model.internal.BinderHelper     : #makeIdGenerator(BasicValue([Column(id)]), id, identity, , ...)
2025-01-03T11:21:18.092+07:00 DEBUG 48825 --- [todolist] [           main] o.h.boot.model.internal.AnnotatedColumn  : Binding column: AnnotatedJoinColumn()
2025-01-03T11:21:18.093+07:00 DEBUG 48825 --- [todolist] [           main] o.h.boot.model.internal.AnnotatedColumn  : Binding column: AnnotatedColumn()
2025-01-03T11:21:18.093+07:00 DEBUG 48825 --- [todolist] [           main] o.h.boot.model.internal.PropertyBinder   : Building property category
2025-01-03T11:21:18.093+07:00 DEBUG 48825 --- [todolist] [           main] o.h.boot.model.internal.AnnotatedColumn  : Binding column: AnnotatedColumn(column='created_at')
2025-01-03T11:21:18.093+07:00 DEBUG 48825 --- [todolist] [           main] o.h.boot.model.internal.PropertyBinder   : MetadataSourceProcessor property createdAt with lazy=false
2025-01-03T11:21:18.093+07:00 DEBUG 48825 --- [todolist] [           main] o.h.b.m.internal.AbstractPropertyHolder  : Attempting to locate auto-apply AttributeConverter for property [api.todolist.model.Task:createdAt]
2025-01-03T11:21:18.093+07:00 DEBUG 48825 --- [todolist] [           main] o.h.b.m.c.i.AttributeConverterManager    : Checking auto-apply AttributeConverter [api.todolist.converter.StatusConverter] (domain-type=Lapi/todolist/model/Task$Status;) for match against basic attribute : api.todolist.model.Task.createdAt (type=java.time.LocalDateTime)
2025-01-03T11:21:18.094+07:00 DEBUG 48825 --- [todolist] [           main] o.h.b.m.c.i.AttributeConverterManager    : Checking auto-apply AttributeConverter [api.todolist.converter.PriorityConverter] (domain-type=Lapi/todolist/model/Task$Priority;) for match against basic attribute : api.todolist.model.Task.createdAt (type=java.time.LocalDateTime)
2025-01-03T11:21:18.094+07:00 DEBUG 48825 --- [todolist] [           main] o.h.b.model.internal.BasicValueBinder    : building BasicValue for createdAt
2025-01-03T11:21:18.094+07:00 DEBUG 48825 --- [todolist] [           main] org.hibernate.mapping.BasicValue         : Skipping column re-registration: task.created_at
2025-01-03T11:21:18.094+07:00 DEBUG 48825 --- [todolist] [           main] o.h.boot.model.internal.PropertyBinder   : Building property createdAt
2025-01-03T11:21:18.094+07:00 DEBUG 48825 --- [todolist] [           main] o.h.boot.model.internal.AnnotatedColumn  : Binding column: AnnotatedColumn()
2025-01-03T11:21:18.094+07:00 DEBUG 48825 --- [todolist] [           main] o.h.boot.model.internal.PropertyBinder   : MetadataSourceProcessor property deadline with lazy=false
2025-01-03T11:21:18.094+07:00 DEBUG 48825 --- [todolist] [           main] o.h.b.m.internal.AbstractPropertyHolder  : Attempting to locate auto-apply AttributeConverter for property [api.todolist.model.Task:deadline]
2025-01-03T11:21:18.094+07:00 DEBUG 48825 --- [todolist] [           main] o.h.b.m.c.i.AttributeConverterManager    : Checking auto-apply AttributeConverter [api.todolist.converter.StatusConverter] (domain-type=Lapi/todolist/model/Task$Status;) for match against basic attribute : api.todolist.model.Task.deadline (type=java.time.LocalDateTime)
2025-01-03T11:21:18.094+07:00 DEBUG 48825 --- [todolist] [           main] o.h.b.m.c.i.AttributeConverterManager    : Checking auto-apply AttributeConverter [api.todolist.converter.PriorityConverter] (domain-type=Lapi/todolist/model/Task$Priority;) for match against basic attribute : api.todolist.model.Task.deadline (type=java.time.LocalDateTime)
2025-01-03T11:21:18.094+07:00 DEBUG 48825 --- [todolist] [           main] o.h.b.model.internal.BasicValueBinder    : building BasicValue for deadline
2025-01-03T11:21:18.094+07:00 DEBUG 48825 --- [todolist] [           main] org.hibernate.mapping.BasicValue         : Skipping column re-registration: task.deadline
2025-01-03T11:21:18.094+07:00 DEBUG 48825 --- [todolist] [           main] o.h.boot.model.internal.PropertyBinder   : Building property deadline
2025-01-03T11:21:18.094+07:00 DEBUG 48825 --- [todolist] [           main] o.h.boot.model.internal.AnnotatedColumn  : Binding column: AnnotatedColumn()
2025-01-03T11:21:18.095+07:00 DEBUG 48825 --- [todolist] [           main] o.h.boot.model.internal.PropertyBinder   : MetadataSourceProcessor property description with lazy=false
2025-01-03T11:21:18.095+07:00 DEBUG 48825 --- [todolist] [           main] o.h.b.m.internal.AbstractPropertyHolder  : Attempting to locate auto-apply AttributeConverter for property [api.todolist.model.Task:description]
2025-01-03T11:21:18.095+07:00 DEBUG 48825 --- [todolist] [           main] o.h.b.m.c.i.AttributeConverterManager    : Checking auto-apply AttributeConverter [api.todolist.converter.StatusConverter] (domain-type=Lapi/todolist/model/Task$Status;) for match against basic attribute : api.todolist.model.Task.description (type=java.lang.String)
2025-01-03T11:21:18.095+07:00 DEBUG 48825 --- [todolist] [           main] o.h.b.m.c.i.AttributeConverterManager    : Checking auto-apply AttributeConverter [api.todolist.converter.PriorityConverter] (domain-type=Lapi/todolist/model/Task$Priority;) for match against basic attribute : api.todolist.model.Task.description (type=java.lang.String)
2025-01-03T11:21:18.095+07:00 DEBUG 48825 --- [todolist] [           main] o.h.b.model.internal.BasicValueBinder    : building BasicValue for description
2025-01-03T11:21:18.095+07:00 DEBUG 48825 --- [todolist] [           main] org.hibernate.mapping.BasicValue         : Skipping column re-registration: task.description
2025-01-03T11:21:18.095+07:00 DEBUG 48825 --- [todolist] [           main] o.h.boot.model.internal.PropertyBinder   : Building property description
2025-01-03T11:21:18.095+07:00 DEBUG 48825 --- [todolist] [           main] o.h.boot.model.internal.AnnotatedColumn  : Binding column: AnnotatedColumn()
2025-01-03T11:21:18.095+07:00 DEBUG 48825 --- [todolist] [           main] o.h.boot.model.internal.PropertyBinder   : MetadataSourceProcessor property priority with lazy=false
2025-01-03T11:21:18.095+07:00 DEBUG 48825 --- [todolist] [           main] o.h.b.model.internal.BasicValueBinder    : Applying JPA converter [api.todolist.model.Task:priority]
2025-01-03T11:21:18.095+07:00 DEBUG 48825 --- [todolist] [           main] o.h.b.model.internal.BasicValueBinder    : building BasicValue for priority
2025-01-03T11:21:18.096+07:00 DEBUG 48825 --- [todolist] [           main] org.hibernate.mapping.BasicValue         : Skipping column re-registration: task.priority
[...]
	at org.junit.platform.launcher.core.DefaultLauncher.execute(DefaultLauncher.java:103) ~[junit-platform-launcher-1.11.3.jar:1.11.3]
	at org.junit.platform.launcher.core.DefaultLauncher.execute(DefaultLauncher.java:85) ~[junit-platform-launcher-1.11.3.jar:1.11.3]
	at org.junit.platform.launcher.core.DelegatingLauncher.execute(DelegatingLauncher.java:47) ~[junit-platform-launcher-1.11.3.jar:1.11.3]
	at org.apache.maven.surefire.junitplatform.LazyLauncher.execute(LazyLauncher.java:56) ~[surefire-junit-platform-3.5.2.jar:3.5.2]
	at org.apache.maven.surefire.junitplatform.JUnitPlatformProvider.execute(JUnitPlatformProvider.java:184) ~[surefire-junit-platform-3.5.2.jar:3.5.2]
	at org.apache.maven.surefire.junitplatform.JUnitPlatformProvider.invokeAllTests(JUnitPlatformProvider.java:148) ~[surefire-junit-platform-3.5.2.jar:3.5.2]
	at org.apache.maven.surefire.junitplatform.JUnitPlatformProvider.invoke(JUnitPlatformProvider.java:122) ~[surefire-junit-platform-3.5.2.jar:3.5.2]
	at org.apache.maven.surefire.booter.ForkedBooter.runSuitesInProcess(ForkedBooter.java:385) ~[surefire-booter-3.5.2.jar:3.5.2]
	at org.apache.maven.surefire.booter.ForkedBooter.execute(ForkedBooter.java:162) ~[surefire-booter-3.5.2.jar:3.5.2]
	at org.apache.maven.surefire.booter.ForkedBooter.run(ForkedBooter.java:507) ~[surefire-booter-3.5.2.jar:3.5.2]
	at org.apache.maven.surefire.booter.ForkedBooter.main(ForkedBooter.java:495) ~[surefire-booter-3.5.2.jar:3.5.2]

2025-01-03T11:21:19.078+07:00 DEBUG 48825 --- [todolist] [           main] .h.v.m.ResourceBundleMessageInterpolator : Loaded expression factory via original TCCL
2025-01-03T11:21:19.079+07:00 DEBUG 48825 --- [todolist] [           main] o.h.v.i.e.AbstractConfigurationImpl      : Setting custom MessageInterpolator of type org.springframework.validation.beanvalidation.LocaleContextMessageInterpolator
2025-01-03T11:21:19.079+07:00 DEBUG 48825 --- [todolist] [           main] o.h.v.i.e.AbstractConfigurationImpl      : Setting custom ConstraintValidatorFactory of type org.springframework.validation.beanvalidation.SpringConstraintValidatorFactory
2025-01-03T11:21:19.080+07:00 DEBUG 48825 --- [todolist] [           main] o.h.v.i.xml.config.ValidationXmlParser   : Trying to load META-INF/validation.xml for XML based Validator configuration.
2025-01-03T11:21:19.080+07:00 DEBUG 48825 --- [todolist] [           main] o.h.v.i.xml.config.ResourceLoaderHelper  : Trying to load META-INF/validation.xml via user class loader
2025-01-03T11:21:19.080+07:00 DEBUG 48825 --- [todolist] [           main] o.h.v.i.xml.config.ResourceLoaderHelper  : Trying to load META-INF/validation.xml via TCCL
2025-01-03T11:21:19.080+07:00 DEBUG 48825 --- [todolist] [           main] o.h.v.i.xml.config.ResourceLoaderHelper  : Trying to load META-INF/validation.xml via Hibernate Validator's class loader
2025-01-03T11:21:19.080+07:00 DEBUG 48825 --- [todolist] [           main] o.h.v.i.xml.config.ValidationXmlParser   : No META-INF/validation.xml found. Using annotation based configuration only.
2025-01-03T11:21:19.080+07:00 DEBUG 48825 --- [todolist] [           main] o.h.v.i.e.resolver.TraversableResolvers  : Found jakarta.persistence.Persistence on classpath containing 'getPersistenceUtil'. Assuming JPA 2 environment. Trying to instantiate JPA aware TraversableResolver
2025-01-03T11:21:19.080+07:00 DEBUG 48825 --- [todolist] [           main] o.h.v.i.e.resolver.TraversableResolvers  : Instantiated JPA aware TraversableResolver of type org.hibernate.validator.internal.engine.resolver.JPATraversableResolver.
2025-01-03T11:21:19.081+07:00 DEBUG 48825 --- [todolist] [           main] .i.e.ValidatorFactoryConfigurationHelper : HV000252: Using org.hibernate.validator.internal.engine.DefaultPropertyNodeNameProvider as property node name provider.
2025-01-03T11:21:19.081+07:00 DEBUG 48825 --- [todolist] [           main] .i.e.ValidatorFactoryConfigurationHelper : HV000234: Using org.springframework.validation.beanvalidation.LocaleContextMessageInterpolator as ValidatorFactory-scoped message interpolator.
2025-01-03T11:21:19.081+07:00 DEBUG 48825 --- [todolist] [           main] .i.e.ValidatorFactoryConfigurationHelper : HV000234: Using org.hibernate.validator.internal.engine.resolver.JPATraversableResolver as ValidatorFactory-scoped traversable resolver.
2025-01-03T11:21:19.081+07:00 DEBUG 48825 --- [todolist] [           main] .i.e.ValidatorFactoryConfigurationHelper : HV000234: Using org.hibernate.validator.internal.util.ExecutableParameterNameProvider as ValidatorFactory-scoped parameter name provider.
2025-01-03T11:21:19.081+07:00 DEBUG 48825 --- [todolist] [           main] .i.e.ValidatorFactoryConfigurationHelper : HV000234: Using org.hibernate.validator.internal.engine.DefaultClockProvider as ValidatorFactory-scoped clock provider.
2025-01-03T11:21:19.081+07:00 DEBUG 48825 --- [todolist] [           main] .i.e.ValidatorFactoryConfigurationHelper : HV000234: Using org.hibernate.validator.internal.engine.scripting.DefaultScriptEvaluatorFactory as ValidatorFactory-scoped script evaluator factory.
2025-01-03T11:21:19.119+07:00 DEBUG 48825 --- [todolist] [           main] _.s.web.servlet.HandlerMapping.Mappings  : 
	a.t.c.CategoryController:
	{PUT [/api/categories/{id}]}: updateCategory(String,Long,Category)
	{DELETE [/api/categories/{id}]}: deleteCategory(String,Long)
	{POST [/api/categories]}: createCategory(String,Category)
	{GET [/api/categories]}: getCategories(String)
2025-01-03T11:21:19.124+07:00 DEBUG 48825 --- [todolist] [           main] _.s.web.servlet.HandlerMapping.Mappings  : 
	a.t.c.TaskController:
	{GET [/api/tasks]}: getTasksByCategory(Long,Long)
	{POST [/api/tasks]}: createTask(TaskRequestDTO)
	{GET [/api/tasks/{id}]}: getTaskById(Long)
	{PUT [/api/tasks/{id}]}: updateTask(Long,TaskRequestDTO)
	{DELETE [/api/tasks/{id}]}: deleteTask(Long)
2025-01-03T11:21:19.126+07:00 DEBUG 48825 --- [todolist] [           main] _.s.web.servlet.HandlerMapping.Mappings  : 
	a.t.c.UsersController:
	{GET [/api/users]}: getAllUsers()
	{POST [/api/users/signup]}: createUser(Users,BindingResult)
	{PUT [/api/users/update]}: updateUser(String,Users)
	{GET [/api/users/find]}: getUserByParam(String)
	{POST [/api/users/login]}: handleLogin(Users)
2025-01-03T11:21:19.129+07:00 DEBUG 48825 --- [todolist] [           main] _.s.web.servlet.HandlerMapping.Mappings  : 
	o.s.b.a.w.s.e.BasicErrorController:
	{ [/error]}: error(HttpServletRequest)
	{ [/error], produces [text/html]}: errorHtml(HttpServletRequest,HttpServletResponse)
2025-01-03T11:21:19.135+07:00 DEBUG 48825 --- [todolist] [           main] _.s.web.servlet.HandlerMapping.Mappings  : 'beanNameHandlerMapping' {}
2025-01-03T11:21:19.197+07:00 DEBUG 48825 --- [todolist] [           main] _.s.web.servlet.HandlerMapping.Mappings  : 'resourceHandlerMapping' {/webjars/**=ResourceHttpRequestHandler [classpath [META-INF/resources/webjars/]], /**=ResourceHttpRequestHandler [classpath [META-INF/resources/], classpath [resources/], classpath [static/], classpath [public/], ServletContext [/]]}
2025-01-03T11:21:19.362+07:00  INFO 48825 --- [todolist] [           main] api.todolist.TodolistApplicationTests    : Started TodolistApplicationTests in 2.826 seconds (process running for 3.389)
2025-01-03T11:21:19.391+07:00 DEBUG 48825 --- [todolist] [           main] java.lang.ProcessBuilder                 : ProcessBuilder.start(): pid: 48829, dir: null, cmd: "/opt/homebrew/Cellar/sdkman-cli/5.18.2/libexec/candidates/java/21.0.5-tem/bin/java"

java.lang.RuntimeException: ProcessBuilder.start() debug
	at java.base/java.lang.ProcessBuilder.start(ProcessBuilder.java:1147) ~[na:na]
	at java.base/java.lang.ProcessBuilder.start(ProcessBuilder.java:1089) ~[na:na]
	at net.bytebuddy.agent.ByteBuddyAgent.installExternal(ByteBuddyAgent.java:673) ~[byte-buddy-agent-1.15.10.jar:na]
	at net.bytebuddy.agent.ByteBuddyAgent.install(ByteBuddyAgent.java:604) ~[byte-buddy-agent-1.15.10.jar:na]
	at net.bytebuddy.agent.ByteBuddyAgent.install(ByteBuddyAgent.java:584) ~[byte-buddy-agent-1.15.10.jar:na]
	at net.bytebuddy.agent.ByteBuddyAgent.install(ByteBuddyAgent.java:536) ~[byte-buddy-agent-1.15.10.jar:na]
	at net.bytebuddy.agent.ByteBuddyAgent.install(ByteBuddyAgent.java:513) ~[byte-buddy-agent-1.15.10.jar:na]
	at org.mockito.internal.PremainAttachAccess.getInstrumentation(PremainAttachAccess.java:49) ~[mockito-core-5.14.2.jar:na]
	at org.mockito.internal.creation.bytebuddy.InlineDelegateByteBuddyMockMaker.<clinit>(InlineDelegateByteBuddyMockMaker.java:138) ~[mockito-core-5.14.2.jar:na]
	at org.mockito.internal.creation.bytebuddy.InlineByteBuddyMockMaker.<init>(InlineByteBuddyMockMaker.java:23) ~[mockito-core-5.14.2.jar:na]
	at java.base/jdk.internal.reflect.DirectConstructorHandleAccessor.newInstance(DirectConstructorHandleAccessor.java:62) ~[na:na]
	at java.base/java.lang.reflect.Constructor.newInstanceWithCaller(Constructor.java:502) ~[na:na]
	at java.base/java.lang.reflect.Constructor.newInstance(Constructor.java:486) ~[na:na]
	at org.mockito.internal.configuration.plugins.DefaultMockitoPlugins.create(DefaultMockitoPlugins.java:103) ~[mockito-core-5.14.2.jar:na]
	at org.mockito.internal.configuration.plugins.DefaultMockitoPlugins.getDefaultPlugin(DefaultMockitoPlugins.java:79) ~[mockito-core-5.14.2.jar:na]
	at org.mockito.internal.configuration.plugins.PluginLoader.loadPlugin(PluginLoader.java:75) ~[mockito-core-5.14.2.jar:na]
	at org.mockito.internal.configuration.plugins.PluginLoader.loadPlugin(PluginLoader.java:49) ~[mockito-core-5.14.2.jar:na]
	at org.mockito.internal.configuration.plugins.PluginRegistry.<init>(PluginRegistry.java:29) ~[mockito-core-5.14.2.jar:na]
	at org.mockito.internal.configuration.plugins.Plugins.<clinit>(Plugins.java:26) ~[mockito-core-5.14.2.jar:na]
	at org.mockito.internal.MockitoCore.<clinit>(MockitoCore.java:71) ~[mockito-core-5.14.2.jar:na]
	at org.mockito.Mockito.<clinit>(Mockito.java:1741) ~[mockito-core-5.14.2.jar:na]
	at org.springframework.boot.test.mock.mockito.MockReset.get(MockReset.java:109) ~[spring-boot-test-3.4.0.jar:3.4.0]
	at org.springframework.boot.test.mock.mockito.ResetMocksTestExecutionListener.resetMocks(ResetMocksTestExecutionListener.java:89) ~[spring-boot-test-3.4.0.jar:3.4.0]
	at org.springframework.boot.test.mock.mockito.ResetMocksTestExecutionListener.resetMocks(ResetMocksTestExecutionListener.java:77) ~[spring-boot-test-3.4.0.jar:3.4.0]
	at org.springframework.boot.test.mock.mockito.ResetMocksTestExecutionListener.beforeTestMethod(ResetMocksTestExecutionListener.java:64) ~[spring-boot-test-3.4.0.jar:3.4.0]
	at org.springframework.test.context.TestContextManager.beforeTestMethod(TestContextManager.java:320) ~[spring-test-6.2.0.jar:6.2.0]
	at org.springframework.test.context.junit.jupiter.SpringExtension.beforeEach(SpringExtension.java:237) ~[spring-test-6.2.0.jar:6.2.0]
	at org.junit.jupiter.engine.descriptor.TestMethodTestDescriptor.lambda$invokeBeforeEachCallbacks$3(TestMethodTestDescriptor.java:166) ~[junit-jupiter-engine-5.11.3.jar:5.11.3]
	at org.junit.jupiter.engine.descriptor.TestMethodTestDescriptor.lambda$invokeBeforeMethodsOrCallbacksUntilExceptionOccurs$7(TestMethodTestDescriptor.java:202) ~[junit-jupiter-engine-5.11.3.jar:5.11.3]
	at org.junit.platform.engine.support.hierarchical.ThrowableCollector.execute(ThrowableCollector.java:73) ~[junit-platform-engine-1.11.3.jar:1.11.3]
	at org.junit.jupiter.engine.descriptor.TestMethodTestDescriptor.invokeBeforeMethodsOrCallbacksUntilExceptionOccurs(TestMethodTestDescriptor.java:202) ~[junit-jupiter-engine-5.11.3.jar:5.11.3]
	at org.junit.jupiter.engine.descriptor.TestMethodTestDescriptor.invokeBeforeEachCallbacks(TestMethodTestDescriptor.java:165) ~[junit-jupiter-engine-5.11.3.jar:5.11.3]
	at org.junit.jupiter.engine.descriptor.TestMethodTestDescriptor.execute(TestMethodTestDescriptor.java:132) ~[junit-jupiter-engine-5.11.3.jar:5.11.3]
	at org.junit.jupiter.engine.descriptor.TestMethodTestDescriptor.execute(TestMethodTestDescriptor.java:68) ~[junit-jupiter-engine-5.11.3.jar:5.11.3]
	at org.junit.platform.engine.support.hierarchical.NodeTestTask.lambda$executeRecursively$6(NodeTestTask.java:156) ~[junit-platform-engine-1.11.3.jar:1.11.3]
	at org.junit.platform.engine.support.hierarchical.ThrowableCollector.execute(ThrowableCollector.java:73) ~[junit-platform-engine-1.11.3.jar:1.11.3]
	at org.junit.platform.engine.support.hierarchical.NodeTestTask.lambda$executeRecursively$8(NodeTestTask.java:146) ~[junit-platform-engine-1.11.3.jar:1.11.3]
	at org.junit.platform.engine.support.hierarchical.Node.around(Node.java:137) ~[junit-platform-engine-1.11.3.jar:1.11.3]
	at org.junit.platform.engine.support.hierarchical.NodeTestTask.lambda$executeRecursively$9(NodeTestTask.java:144) ~[junit-platform-engine-1.11.3.jar:1.11.3]
	at org.junit.platform.engine.support.hierarchical.ThrowableCollector.execute(ThrowableCollector.java:73) ~[junit-platform-engine-1.11.3.jar:1.11.3]
	at org.junit.platform.engine.support.hierarchical.NodeTestTask.executeRecursively(NodeTestTask.java:143) ~[junit-platform-engine-1.11.3.jar:1.11.3]
	at org.junit.platform.engine.support.hierarchical.NodeTestTask.execute(NodeTestTask.java:100) ~[junit-platform-engine-1.11.3.jar:1.11.3]
	at java.base/java.util.ArrayList.forEach(ArrayList.java:1596) ~[na:na]
	at org.junit.platform.engine.support.hierarchical.SameThreadHierarchicalTestExecutorService.invokeAll(SameThreadHierarchicalTestExecutorService.java:41) ~[junit-platform-engine-1.11.3.jar:1.11.3]
	at org.junit.platform.engine.support.hierarchical.NodeTestTask.lambda$executeRecursively$6(NodeTestTask.java:160) ~[junit-platform-engine-1.11.3.jar:1.11.3]
	at org.junit.platform.engine.support.hierarchical.ThrowableCollector.execute(ThrowableCollector.java:73) ~[junit-platform-engine-1.11.3.jar:1.11.3]
	at org.junit.platform.engine.support.hierarchical.NodeTestTask.lambda$executeRecursively$8(NodeTestTask.java:146) ~[junit-platform-engine-1.11.3.jar:1.11.3]
	at org.junit.platform.engine.support.hierarchical.Node.around(Node.java:137) ~[junit-platform-engine-1.11.3.jar:1.11.3]
	at org.junit.platform.engine.support.hierarchical.NodeTestTask.lambda$executeRecursively$9(NodeTestTask.java:144) ~[junit-platform-engine-1.11.3.jar:1.11.3]
	at org.junit.platform.engine.support.hierarchical.ThrowableCollector.execute(ThrowableCollector.java:73) ~[junit-platform-engine-1.11.3.jar:1.11.3]
	at org.junit.platform.engine.support.hierarchical.NodeTestTask.executeRecursively(NodeTestTask.java:143) ~[junit-platform-engine-1.11.3.jar:1.11.3]
	at org.junit.platform.engine.support.hierarchical.NodeTestTask.execute(NodeTestTask.java:100) ~[junit-platform-engine-1.11.3.jar:1.11.3]
	at java.base/java.util.ArrayList.forEach(ArrayList.java:1596) ~[na:na]
	at org.junit.platform.engine.support.hierarchical.SameThreadHierarchicalTestExecutorService.invokeAll(SameThreadHierarchicalTestExecutorService.java:41) ~[junit-platform-engine-1.11.3.jar:1.11.3]
	at org.junit.platform.engine.support.hierarchical.NodeTestTask.lambda$executeRecursively$6(NodeTestTask.java:160) ~[junit-platform-engine-1.11.3.jar:1.11.3]
	at org.junit.platform.engine.support.hierarchical.ThrowableCollector.execute(ThrowableCollector.java:73) ~[junit-platform-engine-1.11.3.jar:1.11.3]
	at org.junit.platform.engine.support.hierarchical.NodeTestTask.lambda$executeRecursively$8(NodeTestTask.java:146) ~[junit-platform-engine-1.11.3.jar:1.11.3]
	at org.junit.platform.engine.support.hierarchical.Node.around(Node.java:137) ~[junit-platform-engine-1.11.3.jar:1.11.3]
	at org.junit.platform.engine.support.hierarchical.NodeTestTask.lambda$executeRecursively$9(NodeTestTask.java:144) ~[junit-platform-engine-1.11.3.jar:1.11.3]
	at org.junit.platform.engine.support.hierarchical.ThrowableCollector.execute(ThrowableCollector.java:73) ~[junit-platform-engine-1.11.3.jar:1.11.3]
	at org.junit.platform.engine.support.hierarchical.NodeTestTask.executeRecursively(NodeTestTask.java:143) ~[junit-platform-engine-1.11.3.jar:1.11.3]
	at org.junit.platform.engine.support.hierarchical.NodeTestTask.execute(NodeTestTask.java:100) ~[junit-platform-engine-1.11.3.jar:1.11.3]
	at org.junit.platform.engine.support.hierarchical.SameThreadHierarchicalTestExecutorService.submit(SameThreadHierarchicalTestExecutorService.java:35) ~[junit-platform-engine-1.11.3.jar:1.11.3]
	at org.junit.platform.engine.support.hierarchical.HierarchicalTestExecutor.execute(HierarchicalTestExecutor.java:57) ~[junit-platform-engine-1.11.3.jar:1.11.3]
	at org.junit.platform.engine.support.hierarchical.HierarchicalTestEngine.execute(HierarchicalTestEngine.java:54) ~[junit-platform-engine-1.11.3.jar:1.11.3]
	at org.junit.platform.launcher.core.EngineExecutionOrchestrator.execute(EngineExecutionOrchestrator.java:198) ~[junit-platform-launcher-1.11.3.jar:1.11.3]
	at org.junit.platform.launcher.core.EngineExecutionOrchestrator.execute(EngineExecutionOrchestrator.java:169) ~[junit-platform-launcher-1.11.3.jar:1.11.3]
	at org.junit.platform.launcher.core.EngineExecutionOrchestrator.execute(EngineExecutionOrchestrator.java:93) ~[junit-platform-launcher-1.11.3.jar:1.11.3]
	at org.junit.platform.launcher.core.EngineExecutionOrchestrator.lambda$execute$0(EngineExecutionOrchestrator.java:58) ~[junit-platform-launcher-1.11.3.jar:1.11.3]
	at org.junit.platform.launcher.core.EngineExecutionOrchestrator.withInterceptedStreams(EngineExecutionOrchestrator.java:141) ~[junit-platform-launcher-1.11.3.jar:1.11.3]
	at org.junit.platform.launcher.core.EngineExecutionOrchestrator.execute(EngineExecutionOrchestrator.java:57) ~[junit-platform-launcher-1.11.3.jar:1.11.3]
	at org.junit.platform.launcher.core.DefaultLauncher.execute(DefaultLauncher.java:103) ~[junit-platform-launcher-1.11.3.jar:1.11.3]
	at org.junit.platform.launcher.core.DefaultLauncher.execute(DefaultLauncher.java:85) ~[junit-platform-launcher-1.11.3.jar:1.11.3]
	at org.junit.platform.launcher.core.DelegatingLauncher.execute(DelegatingLauncher.java:47) ~[junit-platform-launcher-1.11.3.jar:1.11.3]
	at org.apache.maven.surefire.junitplatform.LazyLauncher.execute(LazyLauncher.java:56) ~[surefire-junit-platform-3.5.2.jar:3.5.2]
	at org.apache.maven.surefire.junitplatform.JUnitPlatformProvider.execute(JUnitPlatformProvider.java:184) ~[surefire-junit-platform-3.5.2.jar:3.5.2]
	at org.apache.maven.surefire.junitplatform.JUnitPlatformProvider.invokeAllTests(JUnitPlatformProvider.java:148) ~[surefire-junit-platform-3.5.2.jar:3.5.2]
	at org.apache.maven.surefire.junitplatform.JUnitPlatformProvider.invoke(JUnitPlatformProvider.java:122) ~[surefire-junit-platform-3.5.2.jar:3.5.2]
	at org.apache.maven.surefire.booter.ForkedBooter.runSuitesInProcess(ForkedBooter.java:385) ~[surefire-booter-3.5.2.jar:3.5.2]
	at org.apache.maven.surefire.booter.ForkedBooter.execute(ForkedBooter.java:162) ~[surefire-booter-3.5.2.jar:3.5.2]
	at org.apache.maven.surefire.booter.ForkedBooter.run(ForkedBooter.java:507) ~[surefire-booter-3.5.2.jar:3.5.2]
	at org.apache.maven.surefire.booter.ForkedBooter.main(ForkedBooter.java:495) ~[surefire-booter-3.5.2.jar:3.5.2]

]]></system-out>
    <system-err><![CDATA[Mockito is currently self-attaching to enable the inline-mock-maker. This will no longer work in future releases of the JDK. Please add Mockito as an agent to your build what is described in Mockito's documentation: https://javadoc.io/doc/org.mockito/mockito-core/latest/org/mockito/Mockito.html#0.3
WARNING: A Java agent has been loaded dynamically (/Users/alannofrialdi/.m2/repository/net/bytebuddy/byte-buddy-agent/1.15.10/byte-buddy-agent-1.15.10.jar)
WARNING: If a serviceability tool is in use, please run with -XX:+EnableDynamicAgentLoading to hide this warning
WARNING: If a serviceability tool is not in use, please run with -Djdk.instrument.traceUsage for more information
WARNING: Dynamic loading of agents will be disallowed by default in a future release
]]></system-err>
  </testcase>
</testsuite>